<?xml version="1.0" encoding="UTF-8"?>
<robot generator="Robot 7.4.2 (Python 3.13.14 on win32)" generated="2026-08-27T16:40:09.597904" rpa="false" schemaversion="5">
<suite id="s1" name="EV_XiL_Robot_Master_Suite" source="C:\Chow\chowdi___\AI\ev-xil-framework\tests\robot">
<suite id="s1-s1" name="Soc" source="C:\Chow\chowdi___\AI\ev-xil-framework\tests\robot\soc.robot">
<test id="s1-s1-t1" name="EV-BMS-001 Verify SOC at 100%" line="6">
<kw name="Verify Signal Within Tolerance" owner="EVXiLLibrary">
<arg>100</arg>
<arg>100</arg>
<arg>0.5</arg>
<doc>Asserts that actual signal value matches expected value within tolerance.</doc>
<status status="PASS" start="2026-08-27T16:40:10.129982" elapsed="0.000410"/>
</kw>
<doc>Verifies SOC calibration at maximum scale (100%).</doc>
<status status="PASS" start="2026-08-27T16:40:10.128649" elapsed="0.002007"/>
</test>
<test id="s1-s1-t2" name="EV-BMS-002 Verify SOC at 80%" line="10">
<kw name="Verify Signal Within Tolerance" owner="EVXiLLibrary">
<arg>80</arg>
<arg>80</arg>
<arg>0.5</arg>
<doc>Asserts that actual signal value matches expected value within tolerance.</doc>
<status status="PASS" start="2026-08-27T16:40:10.131607" elapsed="0.000277"/>
</kw>
<doc>Verifies SOC calibration at normal high scale (80%).</doc>
<status status="PASS" start="2026-08-27T16:40:10.131015" elapsed="0.001087"/>
</test>
<test id="s1-s1-t3" name="EV-BMS-003 Verify SOC at 50%" line="14">
<kw name="Verify Signal Within Tolerance" owner="EVXiLLibrary">
<arg>50</arg>
<arg>50</arg>
<arg>0.5</arg>
<doc>Asserts that actual signal value matches expected value within tolerance.</doc>
<status status="PASS" start="2026-08-27T16:40:10.132887" elapsed="0.000211"/>
</kw>
<doc>Verifies SOC calibration at mid scale (50%).</doc>
<status status="PASS" start="2026-08-27T16:40:10.132406" elapsed="0.000873"/>
</test>
<test id="s1-s1-t4" name="EV-BMS-004 Verify SOC at 20%" line="18">
<kw name="Verify Signal Within Tolerance" owner="EVXiLLibrary">
<arg>20</arg>
<arg>20</arg>
<arg>0.5</arg>
<doc>Asserts that actual signal value matches expected value within tolerance.</doc>
<status status="PASS" start="2026-08-27T16:40:10.134019" elapsed="0.000226"/>
</kw>
<doc>Verifies SOC calibration at low scale (20%).</doc>
<status status="PASS" start="2026-08-27T16:40:10.133550" elapsed="0.000870"/>
</test>
<test id="s1-s1-t5" name="EV-BMS-005 Verify low SOC threshold" line="22">
<kw name="Verify Signal Within Tolerance" owner="EVXiLLibrary">
<arg>20</arg>
<arg>20</arg>
<arg>0.5</arg>
<doc>Asserts that actual signal value matches expected value within tolerance.</doc>
<status status="PASS" start="2026-08-27T16:40:10.135242" elapsed="0.000208"/>
</kw>
<kw name="Verify Signal Within Tolerance" owner="EVXiLLibrary">
<arg>10</arg>
<arg>10</arg>
<arg>0.5</arg>
<doc>Asserts that actual signal value matches expected value within tolerance.</doc>
<status status="PASS" start="2026-08-27T16:40:10.135619" elapsed="0.000188"/>
</kw>
<doc>Checks warning trigger when SOC is at or below low threshold (20%).</doc>
<status status="PASS" start="2026-08-27T16:40:10.134704" elapsed="0.001274"/>
</test>
<test id="s1-s1-t6" name="EV-BMS-006 Verify critical SOC threshold" line="27">
<kw name="Verify Signal Within Tolerance" owner="EVXiLLibrary">
<arg>5</arg>
<arg>5</arg>
<arg>0.5</arg>
<doc>Asserts that actual signal value matches expected value within tolerance.</doc>
<status status="PASS" start="2026-08-27T16:40:10.136819" elapsed="0.000209"/>
</kw>
<kw name="Verify Signal Within Tolerance" owner="EVXiLLibrary">
<arg>3</arg>
<arg>3</arg>
<arg>0.5</arg>
<doc>Asserts that actual signal value matches expected value within tolerance.</doc>
<status status="PASS" start="2026-08-27T16:40:10.137188" elapsed="0.000186"/>
</kw>
<doc>Checks warning trigger when SOC is at or below critical threshold (5%).</doc>
<status status="PASS" start="2026-08-27T16:40:10.136271" elapsed="0.001283"/>
</test>
<test id="s1-s1-t7" name="EV-BMS-009 Verify invalid SOC" line="32">
<kw name="Verify Signal Within Tolerance" owner="EVXiLLibrary">
<arg>100</arg>
<arg>100</arg>
<arg>0.5</arg>
<doc>Asserts that actual signal value matches expected value within tolerance.</doc>
<status status="PASS" start="2026-08-27T16:40:10.138615" elapsed="0.000315"/>
</kw>
<doc>Asserts out-of-range SOC values are handled appropriately.</doc>
<status status="PASS" start="2026-08-27T16:40:10.137837" elapsed="0.001337"/>
</test>
<test id="s1-s1-t8" name="EV-BMS-010 Verify SOC boundary values" line="36">
<kw name="Verify Signal Within Tolerance" owner="EVXiLLibrary">
<arg>0</arg>
<arg>0</arg>
<arg>0.5</arg>
<doc>Asserts that actual signal value matches expected value within tolerance.</doc>
<status status="PASS" start="2026-08-27T16:40:10.140023" elapsed="0.000209"/>
</kw>
<kw name="Verify Signal Within Tolerance" owner="EVXiLLibrary">
<arg>100</arg>
<arg>100</arg>
<arg>0.5</arg>
<doc>Asserts that actual signal value matches expected value within tolerance.</doc>
<status status="PASS" start="2026-08-27T16:40:10.140394" elapsed="0.000182"/>
</kw>
<doc>Validates exact boundary values for SOC calculation logic.</doc>
<status status="PASS" start="2026-08-27T16:40:10.139467" elapsed="0.001319"/>
</test>
<test id="s1-s1-t9" name="EV-BMS-011 Verify Out-of-Spec SOC Calibration Failure" line="41">
<kw name="Verify Signal Within Tolerance" owner="EVXiLLibrary">
<arg>49.5</arg>
<arg>50.0</arg>
<arg>0.5</arg>
<doc>Asserts that actual signal value matches expected value within tolerance.</doc>
<status status="PASS" start="2026-08-27T16:40:10.142442" elapsed="0.000326"/>
</kw>
<doc>Negative test scenario: actual SOC (45.0%) deviates from expected (50.0%) beyond 0.5% tolerance.</doc>
<status status="PASS" start="2026-08-27T16:40:10.141343" elapsed="0.001690"/>
</test>
<doc>BMS State of Charge (SOC) validation tests.</doc>
<status status="PASS" start="2026-08-27T16:40:09.699761" elapsed="0.444111"/>
</suite>
<suite id="s1-s2" name="Soc New" source="C:\Chow\chowdi___\AI\ev-xil-framework\tests\robot\soc_new.robot">
<test id="s1-s2-t1" name="TC-01 Verify Dynamic Telemetry (Torque and Speed)" line="13">
<kw name="Load Latest Simulation Result" owner="EVXiLLibrary">
<msg time="2026-08-27T16:40:10.177554" level="INFO">Loading latest simulation result file: C:\Chow\chowdi___\AI\ev-xil-framework\results\sim_results_20260827_164006_149.json</msg>
<msg time="2026-08-27T16:40:10.195556" level="INFO">${sim_data} = {'test_name': 'HIL Live Simulation (Throttle: 50.0%, Fault: COMM_TIMEOUT)', 'passed': False, 'verdict': 'FAILED', 'profile': 'HIL', 'timestamp': '2026-08-27T16:40:06.149771', 'inputs': {'throttle_pct'...</msg>
<var>${sim_data}</var>
<doc>Scans the results/ directory for the most recent sim_results_*.json file and returns its content as a dict.</doc>
<status status="PASS" start="2026-08-27T16:40:10.176045" elapsed="0.019588"/>
</kw>
<kw name="Get From Dictionary" owner="Collections">
<msg time="2026-08-27T16:40:10.196231" level="INFO">${profile} = HIL</msg>
<var>${profile}</var>
<arg>${sim_data}</arg>
<arg>profile</arg>
<doc>Returns a value from the given ``dictionary`` based on the given ``key``.</doc>
<status status="PASS" start="2026-08-27T16:40:10.195860" elapsed="0.000423"/>
</kw>
<kw name="Get From Dictionary" owner="Collections">
<msg time="2026-08-27T16:40:10.196815" level="INFO">${inputs} = {'throttle_pct': 50.0, 'interlock_state': 1.0, 'bms_temp': 150.0, 'bms_soc': 86.0, 'fault_type': 'COMM_TIMEOUT', 'duration_ms': 200.0}</msg>
<var>${inputs}</var>
<arg>${sim_data}</arg>
<arg>inputs</arg>
<doc>Returns a value from the given ``dictionary`` based on the given ``key``.</doc>
<status status="PASS" start="2026-08-27T16:40:10.196458" elapsed="0.000404"/>
</kw>
<kw name="Get From Dictionary" owner="Collections">
<msg time="2026-08-27T16:40:10.197296" level="INFO">${throttle} = 50.0</msg>
<var>${throttle}</var>
<arg>${inputs}</arg>
<arg>throttle_pct</arg>
<doc>Returns a value from the given ``dictionary`` based on the given ``key``.</doc>
<status status="PASS" start="2026-08-27T16:40:10.197024" elapsed="0.000314"/>
</kw>
<kw name="Get From Dictionary" owner="Collections">
<msg time="2026-08-27T16:40:10.198016" level="INFO">${interlock} = 1.0</msg>
<var>${interlock}</var>
<arg>${inputs}</arg>
<arg>interlock_state</arg>
<doc>Returns a value from the given ``dictionary`` based on the given ``key``.</doc>
<status status="PASS" start="2026-08-27T16:40:10.197726" elapsed="0.000333"/>
</kw>
<kw name="Get From Dictionary" owner="Collections">
<msg time="2026-08-27T16:40:10.198495" level="INFO">${duration} = 200.0</msg>
<var>${duration}</var>
<arg>${inputs}</arg>
<arg>duration_ms</arg>
<doc>Returns a value from the given ``dictionary`` based on the given ``key``.</doc>
<status status="PASS" start="2026-08-27T16:40:10.198218" elapsed="0.000320"/>
</kw>
<kw name="Get From Dictionary" owner="Collections">
<msg time="2026-08-27T16:40:10.198977" level="INFO">${soc} = 86.0</msg>
<var>${soc}</var>
<arg>${inputs}</arg>
<arg>bms_soc</arg>
<doc>Returns a value from the given ``dictionary`` based on the given ``key``.</doc>
<status status="PASS" start="2026-08-27T16:40:10.198711" elapsed="0.000308"/>
</kw>
<kw name="Get From Dictionary" owner="Collections">
<msg time="2026-08-27T16:40:10.199432" level="INFO">${temp} = 150.0</msg>
<var>${temp}</var>
<arg>${inputs}</arg>
<arg>bms_temp</arg>
<doc>Returns a value from the given ``dictionary`` based on the given ``key``.</doc>
<status status="PASS" start="2026-08-27T16:40:10.199175" elapsed="0.000298"/>
</kw>
<kw name="Get From Dictionary" owner="Collections">
<msg time="2026-08-27T16:40:10.199922" level="INFO">${measurement} = {'final_speed_kmh': 0.0, 'final_torque_nm': 0.0, 'dtc_status': 57346.0, 'fault_active': True, 'max_error_delta': 0.0, 'can_bus_signals': {'BMS': {'SOC': 86.0, 'Voltage': 350.0, 'Temperature': 150.0, '...</msg>
<var>${measurement}</var>
<arg>${sim_data}</arg>
<arg>measurement</arg>
<doc>Returns a value from the given ``dictionary`` based on the given ``key``.</doc>
<status status="PASS" start="2026-08-27T16:40:10.199629" elapsed="0.000338"/>
</kw>
<kw name="Get From Dictionary" owner="Collections">
<msg time="2026-08-27T16:40:10.200389" level="INFO">${expected_speed} = 0.0</msg>
<var>${expected_speed}</var>
<arg>${measurement}</arg>
<arg>final_speed_kmh</arg>
<doc>Returns a value from the given ``dictionary`` based on the given ``key``.</doc>
<status status="PASS" start="2026-08-27T16:40:10.200122" elapsed="0.000307"/>
</kw>
<kw name="Get From Dictionary" owner="Collections">
<msg time="2026-08-27T16:40:10.200863" level="INFO">${expected_torque} = 0.0</msg>
<var>${expected_torque}</var>
<arg>${measurement}</arg>
<arg>final_torque_nm</arg>
<doc>Returns a value from the given ``dictionary`` based on the given ``key``.</doc>
<status status="PASS" start="2026-08-27T16:40:10.200583" elapsed="0.000322"/>
</kw>
<kw name="Connect Execution Profile" owner="EVXiLLibrary">
<msg time="2026-08-27T16:40:10.209384" level="INFO">Using ASAMXILMockPort engine for Multi-Port HIL execution.</msg>
<msg time="2026-08-27T16:40:10.210454" level="INFO">Restbus simulation engine started.</msg>
<msg time="2026-08-27T16:40:10.210616" level="INFO">Connected and started XiL execution profile: HIL</msg>
<arg>${profile}</arg>
<doc>Connects to the specified XiL execution profile (MIL, SIL, HIL, or VIL).</doc>
<status status="PASS" start="2026-08-27T16:40:10.201054" elapsed="0.009675"/>
</kw>
<kw name="Write Signal Input" owner="EVXiLLibrary">
<arg>SOC</arg>
<arg>${soc}</arg>
<doc>Writes a value to a logical input signal.</doc>
<status status="PASS" start="2026-08-27T16:40:10.210935" elapsed="0.000298"/>
</kw>
<kw name="Write Signal Input" owner="EVXiLLibrary">
<arg>Temperature</arg>
<arg>${temp}</arg>
<doc>Writes a value to a logical input signal.</doc>
<status status="PASS" start="2026-08-27T16:40:10.211391" elapsed="0.000224"/>
</kw>
<kw name="Run Keyword If" owner="BuiltIn">
<kw name="Run HIL Telemetry Run">
<kw name="Write Maport Signal" owner="EVXiLLibrary">
<arg>Throttle_Input</arg>
<arg>${throttle}</arg>
<doc>Writes a value to Speedgoat Plant IO MAPort on HIL profile.</doc>
<status status="PASS" start="2026-08-27T16:40:10.213651" elapsed="0.000267"/>
</kw>
<kw name="Write Maport Signal" owner="EVXiLLibrary">
<arg>Brake_Interlock</arg>
<arg>${interlock}</arg>
<doc>Writes a value to Speedgoat Plant IO MAPort on HIL profile.</doc>
<status status="PASS" start="2026-08-27T16:40:10.214077" elapsed="0.000280"/>
</kw>
<kw name="Set Restbus Signal" owner="EVXiLLibrary">
<arg>BMS</arg>
<arg>SOC</arg>
<arg>${soc}</arg>
<doc>Dynamically updates a restbus signal value at runtime.</doc>
<status status="PASS" start="2026-08-27T16:40:10.214508" elapsed="0.000236"/>
</kw>
<kw name="Set Restbus Signal" owner="EVXiLLibrary">
<arg>BMS</arg>
<arg>Temperature</arg>
<arg>${temp}</arg>
<doc>Dynamically updates a restbus signal value at runtime.</doc>
<status status="PASS" start="2026-08-27T16:40:10.214894" elapsed="0.000232"/>
</kw>
<kw name="Evaluate" owner="BuiltIn">
<msg time="2026-08-27T16:40:10.215872" level="INFO">${initial_mcu_trq} = 175.0</msg>
<var>${initial_mcu_trq}</var>
<arg>(${throttle} / 100.0) * 350.0</arg>
<doc>Evaluates the given expression in Python and returns the result.</doc>
<status status="PASS" start="2026-08-27T16:40:10.215287" elapsed="0.000633"/>
</kw>
<kw name="Set Restbus Signal" owner="EVXiLLibrary">
<arg>MCU</arg>
<arg>Actual_Torque</arg>
<arg>${initial_mcu_trq}</arg>
<doc>Dynamically updates a restbus signal value at runtime.</doc>
<status status="PASS" start="2026-08-27T16:40:10.216081" elapsed="0.000265"/>
</kw>
<kw name="Evaluate" owner="BuiltIn">
<msg time="2026-08-27T16:40:10.217147" level="INFO">${has_interlock} = True</msg>
<var>${has_interlock}</var>
<arg>${interlock} &gt;= 0.5</arg>
<doc>Evaluates the given expression in Python and returns the result.</doc>
<status status="PASS" start="2026-08-27T16:40:10.216509" elapsed="0.000686"/>
</kw>
<kw name="Run Keyword If" owner="BuiltIn">
<kw name="Run HIL With Ramped Throttle">
<kw name="Evaluate" owner="BuiltIn">
<msg time="2026-08-27T16:40:10.219506" level="INFO">${half_duration} = 100.0</msg>
<var>${half_duration}</var>
<arg>${duration} / 2.0</arg>
<doc>Evaluates the given expression in Python and returns the result.</doc>
<status status="PASS" start="2026-08-27T16:40:10.218937" elapsed="0.000620"/>
</kw>
<kw name="Step Simulation Time" owner="EVXiLLibrary">
<arg>${half_duration}</arg>
<doc>Steps the simulation forward by specified milliseconds.</doc>
<status status="PASS" start="2026-08-27T16:40:10.219731" elapsed="0.000280"/>
</kw>
<kw name="Evaluate" owner="BuiltIn">
<msg time="2026-08-27T16:40:10.220739" level="INFO">${ramped_throttle} = 70.0</msg>
<var>${ramped_throttle}</var>
<arg>min(100.0, ${throttle} * 1.4)</arg>
<doc>Evaluates the given expression in Python and returns the result.</doc>
<status status="PASS" start="2026-08-27T16:40:10.220173" elapsed="0.000612"/>
</kw>
<kw name="Write Maport Signal" owner="EVXiLLibrary">
<arg>Throttle_Input</arg>
<arg>${ramped_throttle}</arg>
<doc>Writes a value to Speedgoat Plant IO MAPort on HIL profile.</doc>
<status status="PASS" start="2026-08-27T16:40:10.220941" elapsed="0.000252"/>
</kw>
<kw name="Evaluate" owner="BuiltIn">
<msg time="2026-08-27T16:40:10.221931" level="INFO">${ramped_mcu_trq} = 244.99999999999997</msg>
<var>${ramped_mcu_trq}</var>
<arg>(${ramped_throttle} / 100.0) * 350.0</arg>
<doc>Evaluates the given expression in Python and returns the result.</doc>
<status status="PASS" start="2026-08-27T16:40:10.221357" elapsed="0.000620"/>
</kw>
<kw name="Set Restbus Signal" owner="EVXiLLibrary">
<arg>MCU</arg>
<arg>Actual_Torque</arg>
<arg>${ramped_mcu_trq}</arg>
<doc>Dynamically updates a restbus signal value at runtime.</doc>
<status status="PASS" start="2026-08-27T16:40:10.222130" elapsed="0.000247"/>
</kw>
<kw name="Step Simulation Time" owner="EVXiLLibrary">
<arg>${half_duration}</arg>
<doc>Steps the simulation forward by specified milliseconds.</doc>
<status status="PASS" start="2026-08-27T16:40:10.222534" elapsed="0.000243"/>
</kw>
<arg>${throttle}</arg>
<arg>${duration}</arg>
<status status="PASS" start="2026-08-27T16:40:10.218426" elapsed="0.004732"/>
</kw>
<arg>${has_interlock}</arg>
<arg>Run HIL With Ramped Throttle</arg>
<arg>${throttle}</arg>
<arg>${duration}</arg>
<arg>ELSE</arg>
<arg>Step Simulation Time</arg>
<arg>${duration}</arg>
<doc>Runs the given keyword with the given arguments, if ``condition`` is true.</doc>
<status status="PASS" start="2026-08-27T16:40:10.217372" elapsed="0.005881"/>
</kw>
<arg>${throttle}</arg>
<arg>${interlock}</arg>
<arg>${duration}</arg>
<arg>${soc}</arg>
<arg>${temp}</arg>
<status status="PASS" start="2026-08-27T16:40:10.212925" elapsed="0.010440"/>
</kw>
<arg>'${profile}' == 'HIL'</arg>
<arg>Run HIL Telemetry Run</arg>
<arg>${throttle}</arg>
<arg>${interlock}</arg>
<arg>${duration}</arg>
<arg>${soc}</arg>
<arg>${temp}</arg>
<arg>ELSE</arg>
<arg>Step Simulation Time</arg>
<arg>${duration}</arg>
<doc>Runs the given keyword with the given arguments, if ``condition`` is true.</doc>
<status status="PASS" start="2026-08-27T16:40:10.211799" elapsed="0.011648"/>
</kw>
<kw name="Read Signal Output" owner="EVXiLLibrary">
<msg time="2026-08-27T16:40:10.223892" level="INFO">${actual_speed} = 42.0</msg>
<var>${actual_speed}</var>
<arg>Vehicle_Speed</arg>
<doc>Reads the current value of a logical signal.</doc>
<status status="PASS" start="2026-08-27T16:40:10.223632" elapsed="0.000304"/>
</kw>
<kw name="Read Signal Output" owner="EVXiLLibrary">
<msg time="2026-08-27T16:40:10.224386" level="INFO">${actual_torque} = 244.99999999999997</msg>
<var>${actual_torque}</var>
<arg>Motor_Torque</arg>
<doc>Reads the current value of a logical signal.</doc>
<status status="PASS" start="2026-08-27T16:40:10.224085" elapsed="0.000363"/>
</kw>
<kw name="Verify Signal Within Tolerance" owner="EVXiLLibrary">
<msg time="2026-08-27T16:40:10.225013" level="FAIL">Equivalence Assertion Failed: Error 42.0000 exceeds limit 1.0000 (Reference=0.0, Candidate=42.0)</msg>
<arg>${actual_speed}</arg>
<arg>${expected_speed}</arg>
<arg>1.0</arg>
<doc>Asserts that actual signal value matches expected value within tolerance.</doc>
<status status="FAIL" start="2026-08-27T16:40:10.224604" elapsed="0.002755">Equivalence Assertion Failed: Error 42.0000 exceeds limit 1.0000 (Reference=0.0, Candidate=42.0)</status>
</kw>
<kw name="Verify Signal Within Tolerance" owner="EVXiLLibrary">
<arg>${actual_torque}</arg>
<arg>${expected_torque}</arg>
<arg>1.0</arg>
<doc>Asserts that actual signal value matches expected value within tolerance.</doc>
<status status="NOT RUN" start="2026-08-27T16:40:10.227589" elapsed="0.000040"/>
</kw>
<kw name="Disconnect Execution Profile" owner="EVXiLLibrary">
<doc>Disconnects and stops the current execution profile.</doc>
<status status="NOT RUN" start="2026-08-27T16:40:10.227781" elapsed="0.000037"/>
</kw>
<doc>Verifies that the final motor torque and vehicle speed outputs match
the telemetry values recorded in the simulation API response.</doc>
<status status="FAIL" start="2026-08-27T16:40:10.175107" elapsed="0.052945">Equivalence Assertion Failed: Error 42.0000 exceeds limit 1.0000 (Reference=0.0, Candidate=42.0)</status>
</test>
<test id="s1-s2-t2" name="TC-02 Verify VCU Diagnostics and DTC Status" line="49">
<kw name="Load Latest Simulation Result" owner="EVXiLLibrary">
<msg time="2026-08-27T16:40:10.230319" level="INFO">Loading latest simulation result file: C:\Chow\chowdi___\AI\ev-xil-framework\results\sim_results_20260827_164006_149.json</msg>
<msg time="2026-08-27T16:40:10.230954" level="INFO">${sim_data} = {'test_name': 'HIL Live Simulation (Throttle: 50.0%, Fault: COMM_TIMEOUT)', 'passed': False, 'verdict': 'FAILED', 'profile': 'HIL', 'timestamp': '2026-08-27T16:40:06.149771', 'inputs': {'throttle_pct'...</msg>
<var>${sim_data}</var>
<doc>Scans the results/ directory for the most recent sim_results_*.json file and returns its content as a dict.</doc>
<status status="PASS" start="2026-08-27T16:40:10.229253" elapsed="0.001753"/>
</kw>
<kw name="Get From Dictionary" owner="Collections">
<msg time="2026-08-27T16:40:10.231463" level="INFO">${profile} = HIL</msg>
<var>${profile}</var>
<arg>${sim_data}</arg>
<arg>profile</arg>
<doc>Returns a value from the given ``dictionary`` based on the given ``key``.</doc>
<status status="PASS" start="2026-08-27T16:40:10.231171" elapsed="0.000335"/>
</kw>
<kw name="Get From Dictionary" owner="Collections">
<msg time="2026-08-27T16:40:10.231924" level="INFO">${inputs} = {'throttle_pct': 50.0, 'interlock_state': 1.0, 'bms_temp': 150.0, 'bms_soc': 86.0, 'fault_type': 'COMM_TIMEOUT', 'duration_ms': 200.0}</msg>
<var>${inputs}</var>
<arg>${sim_data}</arg>
<arg>inputs</arg>
<doc>Returns a value from the given ``dictionary`` based on the given ``key``.</doc>
<status status="PASS" start="2026-08-27T16:40:10.231660" elapsed="0.000307"/>
</kw>
<kw name="Get From Dictionary" owner="Collections">
<msg time="2026-08-27T16:40:10.232388" level="INFO">${soc} = 86.0</msg>
<var>${soc}</var>
<arg>${inputs}</arg>
<arg>bms_soc</arg>
<doc>Returns a value from the given ``dictionary`` based on the given ``key``.</doc>
<status status="PASS" start="2026-08-27T16:40:10.232136" elapsed="0.000291"/>
</kw>
<kw name="Get From Dictionary" owner="Collections">
<msg time="2026-08-27T16:40:10.232817" level="INFO">${temp} = 150.0</msg>
<var>${temp}</var>
<arg>${inputs}</arg>
<arg>bms_temp</arg>
<doc>Returns a value from the given ``dictionary`` based on the given ``key``.</doc>
<status status="PASS" start="2026-08-27T16:40:10.232572" elapsed="0.000284"/>
</kw>
<kw name="Get From Dictionary" owner="Collections">
<msg time="2026-08-27T16:40:10.233283" level="INFO">${measurement} = {'final_speed_kmh': 0.0, 'final_torque_nm': 0.0, 'dtc_status': 57346.0, 'fault_active': True, 'max_error_delta': 0.0, 'can_bus_signals': {'BMS': {'SOC': 86.0, 'Voltage': 350.0, 'Temperature': 150.0, '...</msg>
<var>${measurement}</var>
<arg>${sim_data}</arg>
<arg>measurement</arg>
<doc>Returns a value from the given ``dictionary`` based on the given ``key``.</doc>
<status status="PASS" start="2026-08-27T16:40:10.233001" elapsed="0.000325"/>
</kw>
<kw name="Get From Dictionary" owner="Collections">
<msg time="2026-08-27T16:40:10.233743" level="INFO">${expected_dtc} = 57346.0</msg>
<var>${expected_dtc}</var>
<arg>${measurement}</arg>
<arg>dtc_status</arg>
<doc>Returns a value from the given ``dictionary`` based on the given ``key``.</doc>
<status status="PASS" start="2026-08-27T16:40:10.233469" elapsed="0.000317"/>
</kw>
<kw name="Get From Dictionary" owner="Collections">
<msg time="2026-08-27T16:40:10.234251" level="INFO">${expected_fault} = True</msg>
<var>${expected_fault}</var>
<arg>${measurement}</arg>
<arg>fault_active</arg>
<doc>Returns a value from the given ``dictionary`` based on the given ``key``.</doc>
<status status="PASS" start="2026-08-27T16:40:10.233971" elapsed="0.000320"/>
</kw>
<kw name="Connect Execution Profile" owner="EVXiLLibrary">
<msg time="2026-08-27T16:40:10.242652" level="INFO">Using ASAMXILMockPort engine for Multi-Port HIL execution.</msg>
<msg time="2026-08-27T16:40:10.243482" level="INFO">Restbus simulation engine started.</msg>
<msg time="2026-08-27T16:40:10.243617" level="INFO">Connected and started XiL execution profile: HIL</msg>
<arg>${profile}</arg>
<doc>Connects to the specified XiL execution profile (MIL, SIL, HIL, or VIL).</doc>
<status status="PASS" start="2026-08-27T16:40:10.234434" elapsed="0.009273"/>
</kw>
<kw name="Write Signal Input" owner="EVXiLLibrary">
<arg>SOC</arg>
<arg>${soc}</arg>
<doc>Writes a value to a logical input signal.</doc>
<status status="PASS" start="2026-08-27T16:40:10.243893" elapsed="0.000281"/>
</kw>
<kw name="Write Signal Input" owner="EVXiLLibrary">
<arg>Temperature</arg>
<arg>${temp}</arg>
<doc>Writes a value to a logical input signal.</doc>
<status status="PASS" start="2026-08-27T16:40:10.244346" elapsed="0.000231"/>
</kw>
<kw name="Step Simulation Time" owner="EVXiLLibrary">
<arg>10.0</arg>
<doc>Steps the simulation forward by specified milliseconds.</doc>
<status status="PASS" start="2026-08-27T16:40:10.244723" elapsed="0.000172"/>
</kw>
<kw name="Run Keyword If" owner="BuiltIn">
<kw name="Read Signal Output" owner="EVXiLLibrary">
<arg>ECU_DiagnosticStatus</arg>
<doc>Reads the current value of a logical signal.</doc>
<status status="PASS" start="2026-08-27T16:40:10.246071" elapsed="0.000176"/>
</kw>
<msg time="2026-08-27T16:40:10.246395" level="INFO">${actual_dtc} = 0.0</msg>
<var>${actual_dtc}</var>
<arg>'${profile}' == 'HIL'</arg>
<arg>Read Signal Output</arg>
<arg>ECU_DiagnosticStatus</arg>
<arg>ELSE</arg>
<arg>Read Signal Output</arg>
<arg>DTC</arg>
<doc>Runs the given keyword with the given arguments, if ``condition`` is true.</doc>
<status status="PASS" start="2026-08-27T16:40:10.245384" elapsed="0.001050"/>
</kw>
<kw name="Run Keyword If" owner="BuiltIn">
<kw name="Read Signal Output" owner="EVXiLLibrary">
<arg>fault_status</arg>
<doc>Reads the current value of a logical signal.</doc>
<status status="PASS" start="2026-08-27T16:40:10.247218" elapsed="0.000169"/>
</kw>
<msg time="2026-08-27T16:40:10.247528" level="INFO">${actual_fault} = 0.0</msg>
<var>${actual_fault}</var>
<arg>'${profile}' == 'HIL'</arg>
<arg>Read Signal Output</arg>
<arg>fault_status</arg>
<arg>ELSE</arg>
<arg>Read Signal Output</arg>
<arg>Battery_Fault</arg>
<doc>Runs the given keyword with the given arguments, if ``condition`` is true.</doc>
<status status="PASS" start="2026-08-27T16:40:10.246613" elapsed="0.000954"/>
</kw>
<kw name="Run Keyword If" owner="BuiltIn">
<kw name="Verify Signal Within Tolerance" owner="EVXiLLibrary">
<msg time="2026-08-27T16:40:10.248707" level="FAIL">Equivalence Assertion Failed: Error 57346.0000 exceeds limit 0.1000 (Reference=57346.0, Candidate=0.0)</msg>
<arg>${actual_dtc}</arg>
<arg>${expected_dtc}</arg>
<arg>0.1</arg>
<doc>Asserts that actual signal value matches expected value within tolerance.</doc>
<status status="FAIL" start="2026-08-27T16:40:10.248344" elapsed="0.001661">Equivalence Assertion Failed: Error 57346.0000 exceeds limit 0.1000 (Reference=57346.0, Candidate=0.0)</status>
</kw>
<arg>'${profile}' == 'HIL'</arg>
<arg>Verify Signal Within Tolerance</arg>
<arg>${actual_dtc}</arg>
<arg>${expected_dtc}</arg>
<arg>0.1</arg>
<arg>ELSE</arg>
<arg>Verify MIL DTC</arg>
<arg>${actual_dtc}</arg>
<arg>${expected_dtc}</arg>
<doc>Runs the given keyword with the given arguments, if ``condition`` is true.</doc>
<status status="FAIL" start="2026-08-27T16:40:10.247739" elapsed="0.002382">Equivalence Assertion Failed: Error 57346.0000 exceeds limit 0.1000 (Reference=57346.0, Candidate=0.0)</status>
</kw>
<kw name="Convert To Number" owner="BuiltIn">
<var>${expected_fault_num}</var>
<arg>${expected_fault}</arg>
<doc>Converts the given item to a floating point number.</doc>
<status status="NOT RUN" start="2026-08-27T16:40:10.250333" elapsed="0.000040"/>
</kw>
<kw name="Verify Signal Within Tolerance" owner="EVXiLLibrary">
<arg>${actual_fault}</arg>
<arg>${expected_fault_num}</arg>
<arg>0.1</arg>
<doc>Asserts that actual signal value matches expected value within tolerance.</doc>
<status status="NOT RUN" start="2026-08-27T16:40:10.250506" elapsed="0.000030"/>
</kw>
<kw name="Disconnect Execution Profile" owner="EVXiLLibrary">
<doc>Disconnects and stops the current execution profile.</doc>
<status status="NOT RUN" start="2026-08-27T16:40:10.250662" elapsed="0.000028"/>
</kw>
<doc>Verifies that the diagnostic trouble codes (DTCs) and fault statuses
match the expected values logged in the simulation run.</doc>
<status status="FAIL" start="2026-08-27T16:40:10.228540" elapsed="0.022373">Equivalence Assertion Failed: Error 57346.0000 exceeds limit 0.1000 (Reference=57346.0, Candidate=0.0)</status>
</test>
<test id="s1-s2-t3" name="TC-03 Verify CAN Bus Restbus Node Signals" line="86">
<kw name="Load Latest Simulation Result" owner="EVXiLLibrary">
<msg time="2026-08-27T16:40:10.253095" level="INFO">Loading latest simulation result file: C:\Chow\chowdi___\AI\ev-xil-framework\results\sim_results_20260827_164006_149.json</msg>
<msg time="2026-08-27T16:40:10.253748" level="INFO">${sim_data} = {'test_name': 'HIL Live Simulation (Throttle: 50.0%, Fault: COMM_TIMEOUT)', 'passed': False, 'verdict': 'FAILED', 'profile': 'HIL', 'timestamp': '2026-08-27T16:40:06.149771', 'inputs': {'throttle_pct'...</msg>
<var>${sim_data}</var>
<doc>Scans the results/ directory for the most recent sim_results_*.json file and returns its content as a dict.</doc>
<status status="PASS" start="2026-08-27T16:40:10.252004" elapsed="0.001797"/>
</kw>
<kw name="Get From Dictionary" owner="Collections">
<msg time="2026-08-27T16:40:10.254287" level="INFO">${profile} = HIL</msg>
<var>${profile}</var>
<arg>${sim_data}</arg>
<arg>profile</arg>
<doc>Returns a value from the given ``dictionary`` based on the given ``key``.</doc>
<status status="PASS" start="2026-08-27T16:40:10.253966" elapsed="0.000363"/>
</kw>
<kw name="Pass Execution If" owner="BuiltIn">
<arg>'${profile}' != 'HIL'</arg>
<arg>Skipping Restbus verification on non-HIL profile</arg>
<doc>Conditionally skips rest of the current test, setup, or teardown with PASS status.</doc>
<status status="PASS" start="2026-08-27T16:40:10.254510" elapsed="0.000511"/>
</kw>
<kw name="Get From Dictionary" owner="Collections">
<msg time="2026-08-27T16:40:10.255462" level="INFO">${inputs} = {'throttle_pct': 50.0, 'interlock_state': 1.0, 'bms_temp': 150.0, 'bms_soc': 86.0, 'fault_type': 'COMM_TIMEOUT', 'duration_ms': 200.0}</msg>
<var>${inputs}</var>
<arg>${sim_data}</arg>
<arg>inputs</arg>
<doc>Returns a value from the given ``dictionary`` based on the given ``key``.</doc>
<status status="PASS" start="2026-08-27T16:40:10.255184" elapsed="0.000322"/>
</kw>
<kw name="Get From Dictionary" owner="Collections">
<msg time="2026-08-27T16:40:10.255906" level="INFO">${throttle} = 50.0</msg>
<var>${throttle}</var>
<arg>${inputs}</arg>
<arg>throttle_pct</arg>
<doc>Returns a value from the given ``dictionary`` based on the given ``key``.</doc>
<status status="PASS" start="2026-08-27T16:40:10.255651" elapsed="0.000295"/>
</kw>
<kw name="Get From Dictionary" owner="Collections">
<msg time="2026-08-27T16:40:10.256361" level="INFO">${interlock} = 1.0</msg>
<var>${interlock}</var>
<arg>${inputs}</arg>
<arg>interlock_state</arg>
<doc>Returns a value from the given ``dictionary`` based on the given ``key``.</doc>
<status status="PASS" start="2026-08-27T16:40:10.256109" elapsed="0.000291"/>
</kw>
<kw name="Get From Dictionary" owner="Collections">
<msg time="2026-08-27T16:40:10.256796" level="INFO">${duration} = 200.0</msg>
<var>${duration}</var>
<arg>${inputs}</arg>
<arg>duration_ms</arg>
<doc>Returns a value from the given ``dictionary`` based on the given ``key``.</doc>
<status status="PASS" start="2026-08-27T16:40:10.256547" elapsed="0.000287"/>
</kw>
<kw name="Get From Dictionary" owner="Collections">
<msg time="2026-08-27T16:40:10.257225" level="INFO">${soc} = 86.0</msg>
<var>${soc}</var>
<arg>${inputs}</arg>
<arg>bms_soc</arg>
<doc>Returns a value from the given ``dictionary`` based on the given ``key``.</doc>
<status status="PASS" start="2026-08-27T16:40:10.256976" elapsed="0.000288"/>
</kw>
<kw name="Get From Dictionary" owner="Collections">
<msg time="2026-08-27T16:40:10.257812" level="INFO">${temp} = 150.0</msg>
<var>${temp}</var>
<arg>${inputs}</arg>
<arg>bms_temp</arg>
<doc>Returns a value from the given ``dictionary`` based on the given ``key``.</doc>
<status status="PASS" start="2026-08-27T16:40:10.257523" elapsed="0.000333"/>
</kw>
<kw name="Get From Dictionary" owner="Collections">
<msg time="2026-08-27T16:40:10.258297" level="INFO">${measurement} = {'final_speed_kmh': 0.0, 'final_torque_nm': 0.0, 'dtc_status': 57346.0, 'fault_active': True, 'max_error_delta': 0.0, 'can_bus_signals': {'BMS': {'SOC': 86.0, 'Voltage': 350.0, 'Temperature': 150.0, '...</msg>
<var>${measurement}</var>
<arg>${sim_data}</arg>
<arg>measurement</arg>
<doc>Returns a value from the given ``dictionary`` based on the given ``key``.</doc>
<status status="PASS" start="2026-08-27T16:40:10.258018" elapsed="0.000322"/>
</kw>
<kw name="Get From Dictionary" owner="Collections">
<msg time="2026-08-27T16:40:10.259061" level="INFO">${expected_can} = {'BMS': {'SOC': 86.0, 'Voltage': 350.0, 'Temperature': 150.0, 'RollingCounter': 0.0}, 'ABS': {'ESP_Status': 1.0, 'WheelSpeed_FL': 0.0, 'WheelSpeed_FR': 0.0, 'Brake_Plausibility': 1.0, 'RollingCounter'...</msg>
<var>${expected_can}</var>
<arg>${measurement}</arg>
<arg>can_bus_signals</arg>
<doc>Returns a value from the given ``dictionary`` based on the given ``key``.</doc>
<status status="PASS" start="2026-08-27T16:40:10.258742" elapsed="0.000366"/>
</kw>
<kw name="Connect Execution Profile" owner="EVXiLLibrary">
<msg time="2026-08-27T16:40:10.266871" level="INFO">Using ASAMXILMockPort engine for Multi-Port HIL execution.</msg>
<msg time="2026-08-27T16:40:10.267682" level="INFO">Restbus simulation engine started.</msg>
<msg time="2026-08-27T16:40:10.267820" level="INFO">Connected and started XiL execution profile: HIL</msg>
<arg>HIL</arg>
<doc>Connects to the specified XiL execution profile (MIL, SIL, HIL, or VIL).</doc>
<status status="PASS" start="2026-08-27T16:40:10.259256" elapsed="0.008653"/>
</kw>
<kw name="Run HIL Telemetry Run">
<kw name="Write Maport Signal" owner="EVXiLLibrary">
<arg>Throttle_Input</arg>
<arg>${throttle}</arg>
<doc>Writes a value to Speedgoat Plant IO MAPort on HIL profile.</doc>
<status status="PASS" start="2026-08-27T16:40:10.268895" elapsed="0.000280"/>
</kw>
<kw name="Write Maport Signal" owner="EVXiLLibrary">
<arg>Brake_Interlock</arg>
<arg>${interlock}</arg>
<doc>Writes a value to Speedgoat Plant IO MAPort on HIL profile.</doc>
<status status="PASS" start="2026-08-27T16:40:10.269329" elapsed="0.000236"/>
</kw>
<kw name="Set Restbus Signal" owner="EVXiLLibrary">
<arg>BMS</arg>
<arg>SOC</arg>
<arg>${soc}</arg>
<doc>Dynamically updates a restbus signal value at runtime.</doc>
<status status="PASS" start="2026-08-27T16:40:10.269713" elapsed="0.000217"/>
</kw>
<kw name="Set Restbus Signal" owner="EVXiLLibrary">
<arg>BMS</arg>
<arg>Temperature</arg>
<arg>${temp}</arg>
<doc>Dynamically updates a restbus signal value at runtime.</doc>
<status status="PASS" start="2026-08-27T16:40:10.270073" elapsed="0.000245"/>
</kw>
<kw name="Evaluate" owner="BuiltIn">
<msg time="2026-08-27T16:40:10.271122" level="INFO">${initial_mcu_trq} = 175.0</msg>
<var>${initial_mcu_trq}</var>
<arg>(${throttle} / 100.0) * 350.0</arg>
<doc>Evaluates the given expression in Python and returns the result.</doc>
<status status="PASS" start="2026-08-27T16:40:10.270487" elapsed="0.000683"/>
</kw>
<kw name="Set Restbus Signal" owner="EVXiLLibrary">
<arg>MCU</arg>
<arg>Actual_Torque</arg>
<arg>${initial_mcu_trq}</arg>
<doc>Dynamically updates a restbus signal value at runtime.</doc>
<status status="PASS" start="2026-08-27T16:40:10.271331" elapsed="0.000229"/>
</kw>
<kw name="Evaluate" owner="BuiltIn">
<msg time="2026-08-27T16:40:10.272325" level="INFO">${has_interlock} = True</msg>
<var>${has_interlock}</var>
<arg>${interlock} &gt;= 0.5</arg>
<doc>Evaluates the given expression in Python and returns the result.</doc>
<status status="PASS" start="2026-08-27T16:40:10.271721" elapsed="0.000649"/>
</kw>
<kw name="Run Keyword If" owner="BuiltIn">
<kw name="Run HIL With Ramped Throttle">
<kw name="Evaluate" owner="BuiltIn">
<msg time="2026-08-27T16:40:10.274138" level="INFO">${half_duration} = 100.0</msg>
<var>${half_duration}</var>
<arg>${duration} / 2.0</arg>
<doc>Evaluates the given expression in Python and returns the result.</doc>
<status status="PASS" start="2026-08-27T16:40:10.273634" elapsed="0.000549"/>
</kw>
<kw name="Step Simulation Time" owner="EVXiLLibrary">
<arg>${half_duration}</arg>
<doc>Steps the simulation forward by specified milliseconds.</doc>
<status status="PASS" start="2026-08-27T16:40:10.274351" elapsed="0.000228"/>
</kw>
<kw name="Evaluate" owner="BuiltIn">
<msg time="2026-08-27T16:40:10.275281" level="INFO">${ramped_throttle} = 70.0</msg>
<var>${ramped_throttle}</var>
<arg>min(100.0, ${throttle} * 1.4)</arg>
<doc>Evaluates the given expression in Python and returns the result.</doc>
<status status="PASS" start="2026-08-27T16:40:10.274730" elapsed="0.000595"/>
</kw>
<kw name="Write Maport Signal" owner="EVXiLLibrary">
<arg>Throttle_Input</arg>
<arg>${ramped_throttle}</arg>
<doc>Writes a value to Speedgoat Plant IO MAPort on HIL profile.</doc>
<status status="PASS" start="2026-08-27T16:40:10.275467" elapsed="0.000239"/>
</kw>
<kw name="Evaluate" owner="BuiltIn">
<msg time="2026-08-27T16:40:10.276360" level="INFO">${ramped_mcu_trq} = 244.99999999999997</msg>
<var>${ramped_mcu_trq}</var>
<arg>(${ramped_throttle} / 100.0) * 350.0</arg>
<doc>Evaluates the given expression in Python and returns the result.</doc>
<status status="PASS" start="2026-08-27T16:40:10.275857" elapsed="0.000547"/>
</kw>
<kw name="Set Restbus Signal" owner="EVXiLLibrary">
<arg>MCU</arg>
<arg>Actual_Torque</arg>
<arg>${ramped_mcu_trq}</arg>
<doc>Dynamically updates a restbus signal value at runtime.</doc>
<status status="PASS" start="2026-08-27T16:40:10.276544" elapsed="0.000227"/>
</kw>
<kw name="Step Simulation Time" owner="EVXiLLibrary">
<arg>${half_duration}</arg>
<doc>Steps the simulation forward by specified milliseconds.</doc>
<status status="PASS" start="2026-08-27T16:40:10.276914" elapsed="0.000228"/>
</kw>
<arg>${throttle}</arg>
<arg>${duration}</arg>
<status status="PASS" start="2026-08-27T16:40:10.273207" elapsed="0.004029"/>
</kw>
<arg>${has_interlock}</arg>
<arg>Run HIL With Ramped Throttle</arg>
<arg>${throttle}</arg>
<arg>${duration}</arg>
<arg>ELSE</arg>
<arg>Step Simulation Time</arg>
<arg>${duration}</arg>
<doc>Runs the given keyword with the given arguments, if ``condition`` is true.</doc>
<status status="PASS" start="2026-08-27T16:40:10.272551" elapsed="0.004758"/>
</kw>
<arg>${throttle}</arg>
<arg>${interlock}</arg>
<arg>${duration}</arg>
<arg>${soc}</arg>
<arg>${temp}</arg>
<status status="PASS" start="2026-08-27T16:40:10.268194" elapsed="0.009214"/>
</kw>
<kw name="Evaluate" owner="BuiltIn">
<msg time="2026-08-27T16:40:10.278273" level="INFO">${has_mcu} = True</msg>
<var>${has_mcu}</var>
<arg>"MCU" in ${expected_can}</arg>
<doc>Evaluates the given expression in Python and returns the result.</doc>
<status status="PASS" start="2026-08-27T16:40:10.277558" elapsed="0.000762"/>
</kw>
<kw name="Run Keyword If" owner="BuiltIn">
<kw name="Verify MCU CAN Signals">
<kw name="Get From Dictionary" owner="Collections">
<msg time="2026-08-27T16:40:10.279714" level="INFO">${mcu_node} = {'Motor_Temp': 35.0, 'Inverter_Temp': 30.0, 'Actual_Torque': 175.0, 'RollingCounter': 0.0}</msg>
<var>${mcu_node}</var>
<arg>${expected_can}</arg>
<arg>MCU</arg>
<doc>Returns a value from the given ``dictionary`` based on the given ``key``.</doc>
<status status="PASS" start="2026-08-27T16:40:10.279442" elapsed="0.000318"/>
</kw>
<kw name="Get From Dictionary" owner="Collections">
<msg time="2026-08-27T16:40:10.280176" level="INFO">${expected_mcu_trq} = 175.0</msg>
<var>${expected_mcu_trq}</var>
<arg>${mcu_node}</arg>
<arg>Actual_Torque</arg>
<doc>Returns a value from the given ``dictionary`` based on the given ``key``.</doc>
<status status="PASS" start="2026-08-27T16:40:10.279917" elapsed="0.000304"/>
</kw>
<kw name="Get Restbus Signal" owner="EVXiLLibrary">
<msg time="2026-08-27T16:40:10.280594" level="INFO">${actual_mcu_trq} = 244.99999999999997</msg>
<var>${actual_mcu_trq}</var>
<arg>MCU</arg>
<arg>Actual_Torque</arg>
<doc>Reads a restbus signal value at runtime.</doc>
<status status="PASS" start="2026-08-27T16:40:10.280366" elapsed="0.000268"/>
</kw>
<kw name="Verify Signal Within Tolerance" owner="EVXiLLibrary">
<msg time="2026-08-27T16:40:10.281610" level="FAIL">Equivalence Assertion Failed: Error 70.0000 exceeds limit 1.0000 (Reference=175.0, Candidate=244.99999999999997)</msg>
<arg>${actual_mcu_trq}</arg>
<arg>${expected_mcu_trq}</arg>
<arg>1.0</arg>
<doc>Asserts that actual signal value matches expected value within tolerance.</doc>
<status status="FAIL" start="2026-08-27T16:40:10.280774" elapsed="0.001956">Equivalence Assertion Failed: Error 70.0000 exceeds limit 1.0000 (Reference=175.0, Candidate=244.99999999999997)</status>
</kw>
<arg>${expected_can}</arg>
<status status="FAIL" start="2026-08-27T16:40:10.279042" elapsed="0.004039">Equivalence Assertion Failed: Error 70.0000 exceeds limit 1.0000 (Reference=175.0, Candidate=244.99999999999997)</status>
</kw>
<arg>${has_mcu}</arg>
<arg>Verify MCU CAN Signals</arg>
<arg>${expected_can}</arg>
<doc>Runs the given keyword with the given arguments, if ``condition`` is true.</doc>
<status status="FAIL" start="2026-08-27T16:40:10.278485" elapsed="0.004681">Equivalence Assertion Failed: Error 70.0000 exceeds limit 1.0000 (Reference=175.0, Candidate=244.99999999999997)</status>
</kw>
<kw name="Evaluate" owner="BuiltIn">
<var>${has_bms}</var>
<arg>"BMS" in ${expected_can}</arg>
<doc>Evaluates the given expression in Python and returns the result.</doc>
<status status="NOT RUN" start="2026-08-27T16:40:10.283351" elapsed="0.000039"/>
</kw>
<kw name="Run Keyword If" owner="BuiltIn">
<arg>${has_bms}</arg>
<arg>Verify BMS CAN Signals</arg>
<arg>${expected_can}</arg>
<doc>Runs the given keyword with the given arguments, if ``condition`` is true.</doc>
<status status="NOT RUN" start="2026-08-27T16:40:10.283573" elapsed="0.000033"/>
</kw>
<kw name="Disconnect Execution Profile" owner="EVXiLLibrary">
<doc>Disconnects and stops the current execution profile.</doc>
<status status="NOT RUN" start="2026-08-27T16:40:10.283756" elapsed="0.000031"/>
</kw>
<doc>Asserts that the active CAN signals sent by nodes (BMS, MCU, ABS, TCU)
on the CAN bus match the logged values in the HIL simulation response.</doc>
<status status="FAIL" start="2026-08-27T16:40:10.251300" elapsed="0.032685">Equivalence Assertion Failed: Error 70.0000 exceeds limit 1.0000 (Reference=175.0, Candidate=244.99999999999997)</status>
</test>
<test id="s1-s2-t4" name="TC-04 Verify Functional Safety Interlock Logic" line="118">
<kw name="Load Latest Simulation Result" owner="EVXiLLibrary">
<msg time="2026-08-27T16:40:10.286273" level="INFO">Loading latest simulation result file: C:\Chow\chowdi___\AI\ev-xil-framework\results\sim_results_20260827_164006_149.json</msg>
<msg time="2026-08-27T16:40:10.286916" level="INFO">${sim_data} = {'test_name': 'HIL Live Simulation (Throttle: 50.0%, Fault: COMM_TIMEOUT)', 'passed': False, 'verdict': 'FAILED', 'profile': 'HIL', 'timestamp': '2026-08-27T16:40:06.149771', 'inputs': {'throttle_pct'...</msg>
<var>${sim_data}</var>
<doc>Scans the results/ directory for the most recent sim_results_*.json file and returns its content as a dict.</doc>
<status status="PASS" start="2026-08-27T16:40:10.285229" elapsed="0.001741"/>
</kw>
<kw name="Get From Dictionary" owner="Collections">
<msg time="2026-08-27T16:40:10.287433" level="INFO">${inputs} = {'throttle_pct': 50.0, 'interlock_state': 1.0, 'bms_temp': 150.0, 'bms_soc': 86.0, 'fault_type': 'COMM_TIMEOUT', 'duration_ms': 200.0}</msg>
<var>${inputs}</var>
<arg>${sim_data}</arg>
<arg>inputs</arg>
<doc>Returns a value from the given ``dictionary`` based on the given ``key``.</doc>
<status status="PASS" start="2026-08-27T16:40:10.287133" elapsed="0.000344"/>
</kw>
<kw name="Get From Dictionary" owner="Collections">
<msg time="2026-08-27T16:40:10.287912" level="INFO">${interlock} = 1.0</msg>
<var>${interlock}</var>
<arg>${inputs}</arg>
<arg>interlock_state</arg>
<doc>Returns a value from the given ``dictionary`` based on the given ``key``.</doc>
<status status="PASS" start="2026-08-27T16:40:10.287628" elapsed="0.000323"/>
</kw>
<kw name="Pass Execution If" owner="BuiltIn">
<msg time="2026-08-27T16:40:10.288623" level="INFO">Execution passed with message:
Skipping Interlock check because safety loop was closed in simulation</msg>
<arg>${interlock} == 1.0</arg>
<arg>Skipping Interlock check because safety loop was closed in simulation</arg>
<doc>Conditionally skips rest of the current test, setup, or teardown with PASS status.</doc>
<status status="PASS" start="2026-08-27T16:40:10.288109" elapsed="0.000611">Skipping Interlock check because safety loop was closed in simulation</status>
</kw>
<kw name="Get From Dictionary" owner="Collections">
<var>${profile}</var>
<arg>${sim_data}</arg>
<arg>profile</arg>
<doc>Returns a value from the given ``dictionary`` based on the given ``key``.</doc>
<status status="NOT RUN" start="2026-08-27T16:40:10.288881" elapsed="0.000034"/>
</kw>
<kw name="Get From Dictionary" owner="Collections">
<var>${measurement}</var>
<arg>${sim_data}</arg>
<arg>measurement</arg>
<doc>Returns a value from the given ``dictionary`` based on the given ``key``.</doc>
<status status="NOT RUN" start="2026-08-27T16:40:10.289053" elapsed="0.000029"/>
</kw>
<kw name="Get From Dictionary" owner="Collections">
<var>${expected_torque}</var>
<arg>${measurement}</arg>
<arg>final_torque_nm</arg>
<doc>Returns a value from the given ``dictionary`` based on the given ``key``.</doc>
<status status="NOT RUN" start="2026-08-27T16:40:10.289212" elapsed="0.000028"/>
</kw>
<kw name="Get From Dictionary" owner="Collections">
<var>${expected_dtc}</var>
<arg>${measurement}</arg>
<arg>dtc_status</arg>
<doc>Returns a value from the given ``dictionary`` based on the given ``key``.</doc>
<status status="NOT RUN" start="2026-08-27T16:40:10.289364" elapsed="0.000027"/>
</kw>
<kw name="Connect Execution Profile" owner="EVXiLLibrary">
<arg>${profile}</arg>
<doc>Connects to the specified XiL execution profile (MIL, SIL, HIL, or VIL).</doc>
<status status="NOT RUN" start="2026-08-27T16:40:10.289511" elapsed="0.000027"/>
</kw>
<kw name="Write Signal Input" owner="EVXiLLibrary">
<arg>SOC</arg>
<arg>50.0</arg>
<doc>Writes a value to a logical input signal.</doc>
<status status="NOT RUN" start="2026-08-27T16:40:10.289646" elapsed="0.000026"/>
</kw>
<kw name="Run Keyword If" owner="BuiltIn">
<arg>'${profile}' == 'HIL'</arg>
<arg>Write MAPort Signal</arg>
<arg>Brake_Interlock</arg>
<arg>0.0</arg>
<arg>ELSE</arg>
<arg>Write Signal Input</arg>
<arg>Brake_Interlock</arg>
<arg>0.0</arg>
<doc>Runs the given keyword with the given arguments, if ``condition`` is true.</doc>
<status status="NOT RUN" start="2026-08-27T16:40:10.289835" elapsed="0.000030"/>
</kw>
<kw name="Step Simulation Time" owner="EVXiLLibrary">
<arg>10.0</arg>
<doc>Steps the simulation forward by specified milliseconds.</doc>
<status status="NOT RUN" start="2026-08-27T16:40:10.290004" elapsed="0.000026"/>
</kw>
<kw name="Read Signal Output" owner="EVXiLLibrary">
<var>${actual_torque}</var>
<arg>Motor_Torque</arg>
<doc>Reads the current value of a logical signal.</doc>
<status status="NOT RUN" start="2026-08-27T16:40:10.290141" elapsed="0.000026"/>
</kw>
<kw name="Read Signal Output" owner="EVXiLLibrary">
<var>${actual_state}</var>
<arg>ECU_State</arg>
<doc>Reads the current value of a logical signal.</doc>
<status status="NOT RUN" start="2026-08-27T16:40:10.290277" elapsed="0.000025"/>
</kw>
<kw name="Verify Signal Within Tolerance" owner="EVXiLLibrary">
<arg>${actual_torque}</arg>
<arg>0.0</arg>
<arg>0.01</arg>
<doc>Asserts that actual signal value matches expected value within tolerance.</doc>
<status status="NOT RUN" start="2026-08-27T16:40:10.290415" elapsed="0.000026"/>
</kw>
<kw name="Verify Signal Within Tolerance" owner="EVXiLLibrary">
<arg>${actual_state}</arg>
<arg>0.0</arg>
<arg>0.01</arg>
<doc>Asserts that actual signal value matches expected value within tolerance.</doc>
<status status="NOT RUN" start="2026-08-27T16:40:10.290553" elapsed="0.000025"/>
</kw>
<kw name="Disconnect Execution Profile" owner="EVXiLLibrary">
<doc>Disconnects and stops the current execution profile.</doc>
<status status="NOT RUN" start="2026-08-27T16:40:10.290792" elapsed="0.000028"/>
</kw>
<doc>Checks that VCU safety shutdown behaves exactly as expected when the safety loop link is opened.</doc>
<status status="PASS" start="2026-08-27T16:40:10.284572" elapsed="0.006400">Skipping Interlock check because safety loop was closed in simulation</status>
</test>
<doc>BMS State of Charge (SOC) &amp; HIL CAN Bus Dynamic Verification Suite.
This suite dynamically reads the latest simulation run parameters, expected
measurements, and CAN signals from the backend API response (saved on disk),
and executes multiple verification test cases.</doc>
<status status="FAIL" start="2026-08-27T16:40:10.145120" elapsed="0.146583"/>
</suite>
<suite id="s1-s3" name="Temperature" source="C:\Chow\chowdi___\AI\ev-xil-framework\tests\robot\temperature.robot">
<test id="s1-s3-t1" name="EV-BMS-016 Verify normal temperature" line="6">
<kw name="Connect Execution Profile" owner="EVXiLLibrary">
<msg time="2026-08-27T16:40:10.299853" level="INFO">Using Stateful Mock Engine for MIL execution.</msg>
<msg time="2026-08-27T16:40:10.299983" level="INFO">Connected and started XiL execution profile: MIL</msg>
<arg>MIL</arg>
<doc>Connects to the specified XiL execution profile (MIL, SIL, HIL, or VIL).</doc>
<status status="PASS" start="2026-08-27T16:40:10.297422" elapsed="0.002646"/>
</kw>
<kw name="Write Signal Input" owner="EVXiLLibrary">
<arg>Temperature</arg>
<arg>25</arg>
<doc>Writes a value to a logical input signal.</doc>
<status status="PASS" start="2026-08-27T16:40:10.300235" elapsed="0.000213"/>
</kw>
<kw name="Step Simulation Time" owner="EVXiLLibrary">
<arg>10</arg>
<doc>Steps the simulation forward by specified milliseconds.</doc>
<status status="PASS" start="2026-08-27T16:40:10.300608" elapsed="0.000186"/>
</kw>
<kw name="Read Signal Output" owner="EVXiLLibrary">
<msg time="2026-08-27T16:40:10.301151" level="INFO">${dtc} = None</msg>
<var>${dtc}</var>
<arg>DTC</arg>
<doc>Reads the current value of a logical signal.</doc>
<status status="PASS" start="2026-08-27T16:40:10.300932" elapsed="0.000259"/>
</kw>
<kw name="Read Signal Output" owner="EVXiLLibrary">
<msg time="2026-08-27T16:40:10.301542" level="INFO">${fault} = 0.0</msg>
<var>${fault}</var>
<arg>Battery_Fault</arg>
<doc>Reads the current value of a logical signal.</doc>
<status status="PASS" start="2026-08-27T16:40:10.301326" elapsed="0.000256"/>
</kw>
<kw name="Should Be Equal" owner="BuiltIn">
<arg>${dtc}</arg>
<arg>None</arg>
<doc>Fails if the given objects are unequal.</doc>
<status status="PASS" start="2026-08-27T16:40:10.301723" elapsed="0.000490"/>
</kw>
<kw name="Should Be Equal As Numbers" owner="BuiltIn">
<msg time="2026-08-27T16:40:10.302751" level="INFO">Argument types are:
&lt;class 'float'&gt;
&lt;class 'str'&gt;</msg>
<arg>${fault}</arg>
<arg>0</arg>
<doc>Fails if objects are unequal after converting them to real numbers.</doc>
<status status="PASS" start="2026-08-27T16:40:10.302365" elapsed="0.000484"/>
</kw>
<kw name="Disconnect Execution Profile" owner="EVXiLLibrary">
<msg time="2026-08-27T16:40:10.303169" level="INFO">Disconnected profile: MIL</msg>
<doc>Disconnects and stops the current execution profile.</doc>
<status status="PASS" start="2026-08-27T16:40:10.302992" elapsed="0.000252"/>
</kw>
<doc>Checks system behavior at room/nominal operating temperature (25 degrees C).</doc>
<status status="PASS" start="2026-08-27T16:40:10.296764" elapsed="0.006643"/>
</test>
<test id="s1-s3-t2" name="EV-BMS-017 Verify high-temperature detection" line="17">
<kw name="Connect Execution Profile" owner="EVXiLLibrary">
<msg time="2026-08-27T16:40:10.306898" level="INFO">Using Stateful Mock Engine for MIL execution.</msg>
<msg time="2026-08-27T16:40:10.307019" level="INFO">Connected and started XiL execution profile: MIL</msg>
<arg>MIL</arg>
<doc>Connects to the specified XiL execution profile (MIL, SIL, HIL, or VIL).</doc>
<status status="PASS" start="2026-08-27T16:40:10.304615" elapsed="0.002491"/>
</kw>
<kw name="Write Signal Input" owner="EVXiLLibrary">
<arg>Temperature</arg>
<arg>60</arg>
<doc>Writes a value to a logical input signal.</doc>
<status status="PASS" start="2026-08-27T16:40:10.307256" elapsed="0.000206"/>
</kw>
<kw name="Step Simulation Time" owner="EVXiLLibrary">
<arg>10</arg>
<doc>Steps the simulation forward by specified milliseconds.</doc>
<status status="PASS" start="2026-08-27T16:40:10.307630" elapsed="0.000298"/>
</kw>
<kw name="Read Signal Output" owner="EVXiLLibrary">
<msg time="2026-08-27T16:40:10.308366" level="INFO">${dtc} = DTC_BAT_002_OVER_TEMP</msg>
<var>${dtc}</var>
<arg>DTC</arg>
<doc>Reads the current value of a logical signal.</doc>
<status status="PASS" start="2026-08-27T16:40:10.308085" elapsed="0.000370"/>
</kw>
<kw name="Read Signal Output" owner="EVXiLLibrary">
<msg time="2026-08-27T16:40:10.308943" level="INFO">${fault} = 1.0</msg>
<var>${fault}</var>
<arg>Battery_Fault</arg>
<doc>Reads the current value of a logical signal.</doc>
<status status="PASS" start="2026-08-27T16:40:10.308703" elapsed="0.000282"/>
</kw>
<kw name="Should Be Equal" owner="BuiltIn">
<arg>${dtc}</arg>
<arg>DTC_BAT_002_OVER_TEMP</arg>
<doc>Fails if the given objects are unequal.</doc>
<status status="PASS" start="2026-08-27T16:40:10.309146" elapsed="0.000498"/>
</kw>
<kw name="Should Be Equal As Numbers" owner="BuiltIn">
<msg time="2026-08-27T16:40:10.310218" level="INFO">Argument types are:
&lt;class 'float'&gt;
&lt;class 'str'&gt;</msg>
<arg>${fault}</arg>
<arg>1</arg>
<doc>Fails if objects are unequal after converting them to real numbers.</doc>
<status status="PASS" start="2026-08-27T16:40:10.309798" elapsed="0.000525"/>
</kw>
<kw name="Disconnect Execution Profile" owner="EVXiLLibrary">
<msg time="2026-08-27T16:40:10.310669" level="INFO">Disconnected profile: MIL</msg>
<doc>Disconnects and stops the current execution profile.</doc>
<status status="PASS" start="2026-08-27T16:40:10.310470" elapsed="0.000278"/>
</kw>
<doc>Ensures system flags high thermal levels exceeding safety threshold (&gt; 55 degrees C).</doc>
<status status="PASS" start="2026-08-27T16:40:10.304026" elapsed="0.006874"/>
</test>
<test id="s1-s3-t3" name="EV-BMS-018 Verify low-temperature detection" line="28">
<kw name="Connect Execution Profile" owner="EVXiLLibrary">
<msg time="2026-08-27T16:40:10.314574" level="INFO">Using Stateful Mock Engine for MIL execution.</msg>
<msg time="2026-08-27T16:40:10.314697" level="INFO">Connected and started XiL execution profile: MIL</msg>
<arg>MIL</arg>
<doc>Connects to the specified XiL execution profile (MIL, SIL, HIL, or VIL).</doc>
<status status="PASS" start="2026-08-27T16:40:10.312050" elapsed="0.002730"/>
</kw>
<kw name="Write Signal Input" owner="EVXiLLibrary">
<arg>Temperature</arg>
<arg>-30</arg>
<doc>Writes a value to a logical input signal.</doc>
<status status="PASS" start="2026-08-27T16:40:10.314955" elapsed="0.000194"/>
</kw>
<kw name="Step Simulation Time" owner="EVXiLLibrary">
<arg>10</arg>
<doc>Steps the simulation forward by specified milliseconds.</doc>
<status status="PASS" start="2026-08-27T16:40:10.315293" elapsed="0.000174"/>
</kw>
<kw name="Read Signal Output" owner="EVXiLLibrary">
<msg time="2026-08-27T16:40:10.315821" level="INFO">${dtc} = DTC_BAT_003_UNDER_TEMP</msg>
<var>${dtc}</var>
<arg>DTC</arg>
<doc>Reads the current value of a logical signal.</doc>
<status status="PASS" start="2026-08-27T16:40:10.315602" elapsed="0.000259"/>
</kw>
<kw name="Read Signal Output" owner="EVXiLLibrary">
<msg time="2026-08-27T16:40:10.316206" level="INFO">${fault} = 1.0</msg>
<var>${fault}</var>
<arg>Battery_Fault</arg>
<doc>Reads the current value of a logical signal.</doc>
<status status="PASS" start="2026-08-27T16:40:10.315998" elapsed="0.000251"/>
</kw>
<kw name="Should Be Equal" owner="BuiltIn">
<arg>${dtc}</arg>
<arg>DTC_BAT_003_UNDER_TEMP</arg>
<doc>Fails if the given objects are unequal.</doc>
<status status="PASS" start="2026-08-27T16:40:10.316392" elapsed="0.000459"/>
</kw>
<kw name="Should Be Equal As Numbers" owner="BuiltIn">
<msg time="2026-08-27T16:40:10.317383" level="INFO">Argument types are:
&lt;class 'float'&gt;
&lt;class 'str'&gt;</msg>
<arg>${fault}</arg>
<arg>1</arg>
<doc>Fails if objects are unequal after converting them to real numbers.</doc>
<status status="PASS" start="2026-08-27T16:40:10.317004" elapsed="0.000467"/>
</kw>
<kw name="Disconnect Execution Profile" owner="EVXiLLibrary">
<msg time="2026-08-27T16:40:10.317787" level="INFO">Disconnected profile: MIL</msg>
<doc>Disconnects and stops the current execution profile.</doc>
<status status="PASS" start="2026-08-27T16:40:10.317617" elapsed="0.000245"/>
</kw>
<doc>Ensures system flags low thermal levels below safety threshold (&lt; -25 degrees C).</doc>
<status status="PASS" start="2026-08-27T16:40:10.311458" elapsed="0.006643"/>
</test>
<test id="s1-s3-t4" name="EV-BMS-019 Verify temperature sensor failure" line="39">
<kw name="Connect Execution Profile" owner="EVXiLLibrary">
<msg time="2026-08-27T16:40:10.326700" level="INFO">Using Stateful Mock Engine for MIL execution.</msg>
<msg time="2026-08-27T16:40:10.326842" level="INFO">Connected and started XiL execution profile: MIL</msg>
<arg>MIL</arg>
<doc>Connects to the specified XiL execution profile (MIL, SIL, HIL, or VIL).</doc>
<status status="PASS" start="2026-08-27T16:40:10.319324" elapsed="0.007617"/>
</kw>
<kw name="Write Signal Input" owner="EVXiLLibrary">
<arg>Temperature</arg>
<arg>25</arg>
<doc>Writes a value to a logical input signal.</doc>
<status status="PASS" start="2026-08-27T16:40:10.327122" elapsed="0.000231"/>
</kw>
<kw name="Write Signal Input" owner="EVXiLLibrary">
<arg>Fault_Injected</arg>
<arg>1</arg>
<doc>Writes a value to a logical input signal.</doc>
<status status="PASS" start="2026-08-27T16:40:10.327501" elapsed="0.000175"/>
</kw>
<kw name="Step Simulation Time" owner="EVXiLLibrary">
<arg>10</arg>
<doc>Steps the simulation forward by specified milliseconds.</doc>
<status status="PASS" start="2026-08-27T16:40:10.327817" elapsed="0.000156"/>
</kw>
<kw name="Read Signal Output" owner="EVXiLLibrary">
<msg time="2026-08-27T16:40:10.328319" level="INFO">${dtc} = DTC_BAT_001_SENSOR_FAILURE</msg>
<var>${dtc}</var>
<arg>DTC</arg>
<doc>Reads the current value of a logical signal.</doc>
<status status="PASS" start="2026-08-27T16:40:10.328106" elapsed="0.000253"/>
</kw>
<kw name="Read Signal Output" owner="EVXiLLibrary">
<msg time="2026-08-27T16:40:10.328691" level="INFO">${fault} = 1.0</msg>
<var>${fault}</var>
<arg>Battery_Fault</arg>
<doc>Reads the current value of a logical signal.</doc>
<status status="PASS" start="2026-08-27T16:40:10.328493" elapsed="0.000240"/>
</kw>
<kw name="Should Be Equal" owner="BuiltIn">
<arg>${dtc}</arg>
<arg>DTC_BAT_001_SENSOR_FAILURE</arg>
<doc>Fails if the given objects are unequal.</doc>
<status status="PASS" start="2026-08-27T16:40:10.328873" elapsed="0.000473"/>
</kw>
<kw name="Should Be Equal As Numbers" owner="BuiltIn">
<msg time="2026-08-27T16:40:10.329876" level="INFO">Argument types are:
&lt;class 'float'&gt;
&lt;class 'str'&gt;</msg>
<arg>${fault}</arg>
<arg>1</arg>
<doc>Fails if objects are unequal after converting them to real numbers.</doc>
<status status="PASS" start="2026-08-27T16:40:10.329499" elapsed="0.000466"/>
</kw>
<kw name="Disconnect Execution Profile" owner="EVXiLLibrary">
<msg time="2026-08-27T16:40:10.330266" level="INFO">Disconnected profile: MIL</msg>
<doc>Disconnects and stops the current execution profile.</doc>
<status status="PASS" start="2026-08-27T16:40:10.330105" elapsed="0.000238"/>
</kw>
<doc>Injects sensor failure flag and verifies diagnostic code reporting.</doc>
<status status="PASS" start="2026-08-27T16:40:10.318772" elapsed="0.011724"/>
</test>
<test id="s1-s3-t5" name="EV-BMS-020 Verify thermal protection" line="51">
<kw name="Connect Execution Profile" owner="EVXiLLibrary">
<msg time="2026-08-27T16:40:10.333866" level="INFO">Using Stateful Mock Engine for MIL execution.</msg>
<msg time="2026-08-27T16:40:10.333989" level="INFO">Connected and started XiL execution profile: MIL</msg>
<arg>MIL</arg>
<doc>Connects to the specified XiL execution profile (MIL, SIL, HIL, or VIL).</doc>
<status status="PASS" start="2026-08-27T16:40:10.331544" elapsed="0.002530"/>
</kw>
<kw name="Write Signal Input" owner="EVXiLLibrary">
<arg>SOC</arg>
<arg>80</arg>
<doc>Writes a value to a logical input signal.</doc>
<status status="PASS" start="2026-08-27T16:40:10.334225" elapsed="0.000188"/>
</kw>
<kw name="Write Signal Input" owner="EVXiLLibrary">
<arg>Temperature</arg>
<arg>52</arg>
<doc>Writes a value to a logical input signal.</doc>
<status status="PASS" start="2026-08-27T16:40:10.334573" elapsed="0.000169"/>
</kw>
<kw name="Write Signal Input" owner="EVXiLLibrary">
<arg>Is_Charging</arg>
<arg>1</arg>
<doc>Writes a value to a logical input signal.</doc>
<status status="PASS" start="2026-08-27T16:40:10.334877" elapsed="0.000164"/>
</kw>
<kw name="Step Simulation Time" owner="EVXiLLibrary">
<arg>10</arg>
<doc>Steps the simulation forward by specified milliseconds.</doc>
<status status="PASS" start="2026-08-27T16:40:10.335178" elapsed="0.000163"/>
</kw>
<kw name="Read Signal Output" owner="EVXiLLibrary">
<msg time="2026-08-27T16:40:10.335711" level="INFO">${dtc} = DTC_CHG_001_OVER_TEMP_CHARGE</msg>
<var>${dtc}</var>
<arg>DTC</arg>
<doc>Reads the current value of a logical signal.</doc>
<status status="PASS" start="2026-08-27T16:40:10.335506" elapsed="0.000246"/>
</kw>
<kw name="Read Signal Output" owner="EVXiLLibrary">
<msg time="2026-08-27T16:40:10.336081" level="INFO">${fault} = 1.0</msg>
<var>${fault}</var>
<arg>Battery_Fault</arg>
<doc>Reads the current value of a logical signal.</doc>
<status status="PASS" start="2026-08-27T16:40:10.335884" elapsed="0.000239"/>
</kw>
<kw name="Should Be Equal" owner="BuiltIn">
<arg>${dtc}</arg>
<arg>DTC_CHG_001_OVER_TEMP_CHARGE</arg>
<doc>Fails if the given objects are unequal.</doc>
<status status="PASS" start="2026-08-27T16:40:10.336264" elapsed="0.000457"/>
</kw>
<kw name="Should Be Equal As Numbers" owner="BuiltIn">
<msg time="2026-08-27T16:40:10.337242" level="INFO">Argument types are:
&lt;class 'float'&gt;
&lt;class 'str'&gt;</msg>
<arg>${fault}</arg>
<arg>1</arg>
<doc>Fails if objects are unequal after converting them to real numbers.</doc>
<status status="PASS" start="2026-08-27T16:40:10.336872" elapsed="0.000457"/>
</kw>
<kw name="Disconnect Execution Profile" owner="EVXiLLibrary">
<msg time="2026-08-27T16:40:10.337637" level="INFO">Disconnected profile: MIL</msg>
<doc>Disconnects and stops the current execution profile.</doc>
<status status="PASS" start="2026-08-27T16:40:10.337472" elapsed="0.000240"/>
</kw>
<doc>Verifies that battery charging halts if a thermal error state exists.</doc>
<status status="PASS" start="2026-08-27T16:40:10.330989" elapsed="0.006869"/>
</test>
<doc>BMS Temperature and Thermal Safety verification tests.</doc>
<status status="PASS" start="2026-08-27T16:40:10.293097" elapsed="0.045486"/>
</suite>
<suite id="s1-s4" name="Temperature New" source="C:\Chow\chowdi___\AI\ev-xil-framework\tests\robot\temperature_new.robot">
<test id="s1-s4-t1" name="EV-BMS-016 Verify normal temperature" line="6">
<kw name="Connect Execution Profile" owner="EVXiLLibrary">
<msg time="2026-08-27T16:40:10.347649" level="INFO">Using Stateful Mock Engine for MIL execution.</msg>
<msg time="2026-08-27T16:40:10.347789" level="INFO">Connected and started XiL execution profile: MIL</msg>
<arg>MIL</arg>
<doc>Connects to the specified XiL execution profile (MIL, SIL, HIL, or VIL).</doc>
<status status="PASS" start="2026-08-27T16:40:10.345175" elapsed="0.002703"/>
</kw>
<kw name="Write Signal Input" owner="EVXiLLibrary">
<arg>Temperature</arg>
<arg>25</arg>
<doc>Writes a value to a logical input signal.</doc>
<status status="PASS" start="2026-08-27T16:40:10.348034" elapsed="0.000201"/>
</kw>
<kw name="Step Simulation Time" owner="EVXiLLibrary">
<arg>10</arg>
<doc>Steps the simulation forward by specified milliseconds.</doc>
<status status="PASS" start="2026-08-27T16:40:10.348375" elapsed="0.000160"/>
</kw>
<kw name="Read Signal Output" owner="EVXiLLibrary">
<msg time="2026-08-27T16:40:10.348881" level="INFO">${dtc} = None</msg>
<var>${dtc}</var>
<arg>DTC</arg>
<doc>Reads the current value of a logical signal.</doc>
<status status="PASS" start="2026-08-27T16:40:10.348671" elapsed="0.000253"/>
</kw>
<kw name="Read Signal Output" owner="EVXiLLibrary">
<msg time="2026-08-27T16:40:10.349275" level="INFO">${fault} = 0.0</msg>
<var>${fault}</var>
<arg>Battery_Fault</arg>
<doc>Reads the current value of a logical signal.</doc>
<status status="PASS" start="2026-08-27T16:40:10.349058" elapsed="0.000257"/>
</kw>
<kw name="Should Be Equal" owner="BuiltIn">
<arg>${dtc}</arg>
<arg>None</arg>
<doc>Fails if the given objects are unequal.</doc>
<status status="PASS" start="2026-08-27T16:40:10.349623" elapsed="0.000471"/>
</kw>
<kw name="Should Be Equal As Numbers" owner="BuiltIn">
<msg time="2026-08-27T16:40:10.350617" level="INFO">Argument types are:
&lt;class 'float'&gt;
&lt;class 'str'&gt;</msg>
<arg>${fault}</arg>
<arg>0</arg>
<doc>Fails if objects are unequal after converting them to real numbers.</doc>
<status status="PASS" start="2026-08-27T16:40:10.350252" elapsed="0.000466"/>
</kw>
<kw name="Disconnect Execution Profile" owner="EVXiLLibrary">
<msg time="2026-08-27T16:40:10.351027" level="INFO">Disconnected profile: MIL</msg>
<doc>Disconnects and stops the current execution profile.</doc>
<status status="PASS" start="2026-08-27T16:40:10.350861" elapsed="0.000244"/>
</kw>
<doc>Checks system behavior at room/nominal operating temperature (25 degrees C).</doc>
<status status="PASS" start="2026-08-27T16:40:10.344554" elapsed="0.006722"/>
</test>
<test id="s1-s4-t2" name="EV-BMS-017 Verify high-temperature detection" line="17">
<kw name="Connect Execution Profile" owner="EVXiLLibrary">
<msg time="2026-08-27T16:40:10.354667" level="INFO">Using Stateful Mock Engine for MIL execution.</msg>
<msg time="2026-08-27T16:40:10.354788" level="INFO">Connected and started XiL execution profile: MIL</msg>
<arg>MIL</arg>
<doc>Connects to the specified XiL execution profile (MIL, SIL, HIL, or VIL).</doc>
<status status="PASS" start="2026-08-27T16:40:10.352366" elapsed="0.002507"/>
</kw>
<kw name="Write Signal Input" owner="EVXiLLibrary">
<arg>Temperature</arg>
<arg>60</arg>
<doc>Writes a value to a logical input signal.</doc>
<status status="PASS" start="2026-08-27T16:40:10.355027" elapsed="0.000190"/>
</kw>
<kw name="Step Simulation Time" owner="EVXiLLibrary">
<arg>10</arg>
<doc>Steps the simulation forward by specified milliseconds.</doc>
<status status="PASS" start="2026-08-27T16:40:10.355464" elapsed="0.000243"/>
</kw>
<kw name="Read Signal Output" owner="EVXiLLibrary">
<msg time="2026-08-27T16:40:10.356077" level="INFO">${dtc} = DTC_BAT_002_OVER_TEMP</msg>
<var>${dtc}</var>
<arg>DTC</arg>
<doc>Reads the current value of a logical signal.</doc>
<status status="PASS" start="2026-08-27T16:40:10.355855" elapsed="0.000262"/>
</kw>
<kw name="Read Signal Output" owner="EVXiLLibrary">
<msg time="2026-08-27T16:40:10.356459" level="INFO">${fault} = 1.0</msg>
<var>${fault}</var>
<arg>Battery_Fault</arg>
<doc>Reads the current value of a logical signal.</doc>
<status status="PASS" start="2026-08-27T16:40:10.356256" elapsed="0.000245"/>
</kw>
<kw name="Should Be Equal" owner="BuiltIn">
<arg>${dtc}</arg>
<arg>DTC_BAT_002_OVER_TEMP</arg>
<doc>Fails if the given objects are unequal.</doc>
<status status="PASS" start="2026-08-27T16:40:10.356652" elapsed="0.000465"/>
</kw>
<kw name="Should Be Equal As Numbers" owner="BuiltIn">
<msg time="2026-08-27T16:40:10.357810" level="INFO">Argument types are:
&lt;class 'float'&gt;
&lt;class 'str'&gt;</msg>
<arg>${fault}</arg>
<arg>1</arg>
<doc>Fails if objects are unequal after converting them to real numbers.</doc>
<status status="PASS" start="2026-08-27T16:40:10.357392" elapsed="0.000544"/>
</kw>
<kw name="Disconnect Execution Profile" owner="EVXiLLibrary">
<msg time="2026-08-27T16:40:10.358313" level="INFO">Disconnected profile: MIL</msg>
<doc>Disconnects and stops the current execution profile.</doc>
<status status="PASS" start="2026-08-27T16:40:10.358098" elapsed="0.000298"/>
</kw>
<doc>Ensures system flags high thermal levels exceeding safety threshold (&gt; 55 degrees C).</doc>
<status status="PASS" start="2026-08-27T16:40:10.351766" elapsed="0.006791"/>
</test>
<test id="s1-s4-t3" name="EV-BMS-018 Verify low-temperature detection" line="28">
<kw name="Connect Execution Profile" owner="EVXiLLibrary">
<msg time="2026-08-27T16:40:10.362266" level="INFO">Using Stateful Mock Engine for MIL execution.</msg>
<msg time="2026-08-27T16:40:10.362422" level="INFO">Connected and started XiL execution profile: MIL</msg>
<arg>MIL</arg>
<doc>Connects to the specified XiL execution profile (MIL, SIL, HIL, or VIL).</doc>
<status status="PASS" start="2026-08-27T16:40:10.359780" elapsed="0.002731"/>
</kw>
<kw name="Write Signal Input" owner="EVXiLLibrary">
<arg>Temperature</arg>
<arg>-30</arg>
<doc>Writes a value to a logical input signal.</doc>
<status status="PASS" start="2026-08-27T16:40:10.362756" elapsed="0.000193"/>
</kw>
<kw name="Step Simulation Time" owner="EVXiLLibrary">
<arg>10</arg>
<doc>Steps the simulation forward by specified milliseconds.</doc>
<status status="PASS" start="2026-08-27T16:40:10.363098" elapsed="0.000164"/>
</kw>
<kw name="Read Signal Output" owner="EVXiLLibrary">
<msg time="2026-08-27T16:40:10.363618" level="INFO">${dtc} = DTC_BAT_003_UNDER_TEMP</msg>
<var>${dtc}</var>
<arg>DTC</arg>
<doc>Reads the current value of a logical signal.</doc>
<status status="PASS" start="2026-08-27T16:40:10.363397" elapsed="0.000260"/>
</kw>
<kw name="Read Signal Output" owner="EVXiLLibrary">
<msg time="2026-08-27T16:40:10.363996" level="INFO">${fault} = 1.0</msg>
<var>${fault}</var>
<arg>Battery_Fault</arg>
<doc>Reads the current value of a logical signal.</doc>
<status status="PASS" start="2026-08-27T16:40:10.363792" elapsed="0.000247"/>
</kw>
<kw name="Should Be Equal" owner="BuiltIn">
<arg>${dtc}</arg>
<arg>DTC_BAT_003_UNDER_TEMP</arg>
<doc>Fails if the given objects are unequal.</doc>
<status status="PASS" start="2026-08-27T16:40:10.364180" elapsed="0.000478"/>
</kw>
<kw name="Should Be Equal As Numbers" owner="BuiltIn">
<msg time="2026-08-27T16:40:10.365188" level="INFO">Argument types are:
&lt;class 'float'&gt;
&lt;class 'str'&gt;</msg>
<arg>${fault}</arg>
<arg>1</arg>
<doc>Fails if objects are unequal after converting them to real numbers.</doc>
<status status="PASS" start="2026-08-27T16:40:10.364813" elapsed="0.000469"/>
</kw>
<kw name="Disconnect Execution Profile" owner="EVXiLLibrary">
<msg time="2026-08-27T16:40:10.365594" level="INFO">Disconnected profile: MIL</msg>
<doc>Disconnects and stops the current execution profile.</doc>
<status status="PASS" start="2026-08-27T16:40:10.365427" elapsed="0.000243"/>
</kw>
<doc>Ensures system flags low thermal levels below safety threshold (&lt; -25 degrees C).</doc>
<status status="PASS" start="2026-08-27T16:40:10.359188" elapsed="0.006635"/>
</test>
<test id="s1-s4-t4" name="EV-BMS-019 Verify temperature sensor failure" line="39">
<kw name="Connect Execution Profile" owner="EVXiLLibrary">
<msg time="2026-08-27T16:40:10.369293" level="INFO">Using Stateful Mock Engine for MIL execution.</msg>
<msg time="2026-08-27T16:40:10.369417" level="INFO">Connected and started XiL execution profile: MIL</msg>
<arg>MIL</arg>
<doc>Connects to the specified XiL execution profile (MIL, SIL, HIL, or VIL).</doc>
<status status="PASS" start="2026-08-27T16:40:10.366952" elapsed="0.002551"/>
</kw>
<kw name="Write Signal Input" owner="EVXiLLibrary">
<arg>Temperature</arg>
<arg>25</arg>
<doc>Writes a value to a logical input signal.</doc>
<status status="PASS" start="2026-08-27T16:40:10.369657" elapsed="0.000209"/>
</kw>
<kw name="Write Signal Input" owner="EVXiLLibrary">
<arg>Fault_Injected</arg>
<arg>1</arg>
<doc>Writes a value to a logical input signal.</doc>
<status status="PASS" start="2026-08-27T16:40:10.370012" elapsed="0.000170"/>
</kw>
<kw name="Step Simulation Time" owner="EVXiLLibrary">
<arg>10</arg>
<doc>Steps the simulation forward by specified milliseconds.</doc>
<status status="PASS" start="2026-08-27T16:40:10.370323" elapsed="0.000156"/>
</kw>
<kw name="Read Signal Output" owner="EVXiLLibrary">
<msg time="2026-08-27T16:40:10.370825" level="INFO">${dtc} = DTC_BAT_001_SENSOR_FAILURE</msg>
<var>${dtc}</var>
<arg>DTC</arg>
<doc>Reads the current value of a logical signal.</doc>
<status status="PASS" start="2026-08-27T16:40:10.370616" elapsed="0.000248"/>
</kw>
<kw name="Read Signal Output" owner="EVXiLLibrary">
<msg time="2026-08-27T16:40:10.371198" level="INFO">${fault} = 1.0</msg>
<var>${fault}</var>
<arg>Battery_Fault</arg>
<doc>Reads the current value of a logical signal.</doc>
<status status="PASS" start="2026-08-27T16:40:10.370997" elapsed="0.000522"/>
</kw>
<kw name="Should Be Equal" owner="BuiltIn">
<arg>${dtc}</arg>
<arg>DTC_BAT_001_SENSOR_FAILURE</arg>
<doc>Fails if the given objects are unequal.</doc>
<status status="PASS" start="2026-08-27T16:40:10.371701" elapsed="0.000473"/>
</kw>
<kw name="Should Be Equal As Numbers" owner="BuiltIn">
<msg time="2026-08-27T16:40:10.372707" level="INFO">Argument types are:
&lt;class 'float'&gt;
&lt;class 'str'&gt;</msg>
<arg>${fault}</arg>
<arg>1</arg>
<doc>Fails if objects are unequal after converting them to real numbers.</doc>
<status status="PASS" start="2026-08-27T16:40:10.372330" elapsed="0.000467"/>
</kw>
<kw name="Disconnect Execution Profile" owner="EVXiLLibrary">
<msg time="2026-08-27T16:40:10.373126" level="INFO">Disconnected profile: MIL</msg>
<doc>Disconnects and stops the current execution profile.</doc>
<status status="PASS" start="2026-08-27T16:40:10.372941" elapsed="0.000265"/>
</kw>
<doc>Injects sensor failure flag and verifies diagnostic code reporting.</doc>
<status status="PASS" start="2026-08-27T16:40:10.366380" elapsed="0.006979"/>
</test>
<test id="s1-s4-t5" name="EV-BMS-020 Verify thermal protection" line="51">
<kw name="Connect Execution Profile" owner="EVXiLLibrary">
<msg time="2026-08-27T16:40:10.376877" level="INFO">Using Stateful Mock Engine for MIL execution.</msg>
<msg time="2026-08-27T16:40:10.377015" level="INFO">Connected and started XiL execution profile: MIL</msg>
<arg>MIL</arg>
<doc>Connects to the specified XiL execution profile (MIL, SIL, HIL, or VIL).</doc>
<status status="PASS" start="2026-08-27T16:40:10.374380" elapsed="0.002725"/>
</kw>
<kw name="Write Signal Input" owner="EVXiLLibrary">
<arg>SOC</arg>
<arg>80</arg>
<doc>Writes a value to a logical input signal.</doc>
<status status="PASS" start="2026-08-27T16:40:10.377269" elapsed="0.000205"/>
</kw>
<kw name="Write Signal Input" owner="EVXiLLibrary">
<arg>Temperature</arg>
<arg>52</arg>
<doc>Writes a value to a logical input signal.</doc>
<status status="PASS" start="2026-08-27T16:40:10.377616" elapsed="0.000169"/>
</kw>
<kw name="Write Signal Input" owner="EVXiLLibrary">
<arg>Is_Charging</arg>
<arg>1</arg>
<doc>Writes a value to a logical input signal.</doc>
<status status="PASS" start="2026-08-27T16:40:10.377922" elapsed="0.000163"/>
</kw>
<kw name="Step Simulation Time" owner="EVXiLLibrary">
<arg>10</arg>
<doc>Steps the simulation forward by specified milliseconds.</doc>
<status status="PASS" start="2026-08-27T16:40:10.378224" elapsed="0.000152"/>
</kw>
<kw name="Read Signal Output" owner="EVXiLLibrary">
<msg time="2026-08-27T16:40:10.378719" level="INFO">${dtc} = DTC_CHG_001_OVER_TEMP_CHARGE</msg>
<var>${dtc}</var>
<arg>DTC</arg>
<doc>Reads the current value of a logical signal.</doc>
<status status="PASS" start="2026-08-27T16:40:10.378507" elapsed="0.000252"/>
</kw>
<kw name="Read Signal Output" owner="EVXiLLibrary">
<msg time="2026-08-27T16:40:10.379114" level="INFO">${fault} = 1.0</msg>
<var>${fault}</var>
<arg>Battery_Fault</arg>
<doc>Reads the current value of a logical signal.</doc>
<status status="PASS" start="2026-08-27T16:40:10.378906" elapsed="0.000249"/>
</kw>
<kw name="Should Be Equal" owner="BuiltIn">
<arg>${dtc}</arg>
<arg>DTC_CHG_001_OVER_TEMP_CHARGE</arg>
<doc>Fails if the given objects are unequal.</doc>
<status status="PASS" start="2026-08-27T16:40:10.379293" elapsed="0.000462"/>
</kw>
<kw name="Should Be Equal As Numbers" owner="BuiltIn">
<msg time="2026-08-27T16:40:10.380285" level="INFO">Argument types are:
&lt;class 'float'&gt;
&lt;class 'str'&gt;</msg>
<arg>${fault}</arg>
<arg>1</arg>
<doc>Fails if objects are unequal after converting them to real numbers.</doc>
<status status="PASS" start="2026-08-27T16:40:10.379910" elapsed="0.000464"/>
</kw>
<kw name="Disconnect Execution Profile" owner="EVXiLLibrary">
<msg time="2026-08-27T16:40:10.380682" level="INFO">Disconnected profile: MIL</msg>
<doc>Disconnects and stops the current execution profile.</doc>
<status status="PASS" start="2026-08-27T16:40:10.380517" elapsed="0.000240"/>
</kw>
<doc>Verifies that battery charging halts if a thermal error state exists.</doc>
<status status="PASS" start="2026-08-27T16:40:10.373739" elapsed="0.007189"/>
</test>
<doc>BMS Temperature and Thermal Safety verification tests (New).</doc>
<status status="PASS" start="2026-08-27T16:40:10.339401" elapsed="0.042239"/>
</suite>
<suite id="s1-s5" name="Test Equivalence" source="C:\Chow\chowdi___\AI\ev-xil-framework\tests\robot\test_equivalence.robot">
<test id="s1-s5-t1" name="TC-EQ-001 MIL vs SIL Back-to-Back Equivalence Verification" line="6">
<kw name="Connect Execution Profile" owner="EVXiLLibrary">
<msg time="2026-08-27T16:40:10.388898" level="INFO">Using Stateful Mock Engine for MIL execution.</msg>
<msg time="2026-08-27T16:40:10.389026" level="INFO">Connected and started XiL execution profile: MIL</msg>
<arg>MIL</arg>
<doc>Connects to the specified XiL execution profile (MIL, SIL, HIL, or VIL).</doc>
<status status="PASS" start="2026-08-27T16:40:10.386344" elapsed="0.002780"/>
</kw>
<kw name="Write Signal Input" owner="EVXiLLibrary">
<arg>Brake_Interlock</arg>
<arg>1.0</arg>
<doc>Writes a value to a logical input signal.</doc>
<status status="PASS" start="2026-08-27T16:40:10.389321" elapsed="0.000222"/>
</kw>
<kw name="Write Signal Input" owner="EVXiLLibrary">
<arg>Throttle_Input</arg>
<arg>50.0</arg>
<doc>Writes a value to a logical input signal.</doc>
<status status="PASS" start="2026-08-27T16:40:10.389690" elapsed="0.000193"/>
</kw>
<kw name="Step Simulation Time" owner="EVXiLLibrary">
<arg>200.0</arg>
<doc>Steps the simulation forward by specified milliseconds.</doc>
<status status="PASS" start="2026-08-27T16:40:10.390025" elapsed="0.000153"/>
</kw>
<kw name="Read Signal Output" owner="EVXiLLibrary">
<msg time="2026-08-27T16:40:10.390536" level="INFO">${mil_trq} = 175.0</msg>
<var>${mil_trq}</var>
<arg>Motor_Torque</arg>
<doc>Reads the current value of a logical signal.</doc>
<status status="PASS" start="2026-08-27T16:40:10.390316" elapsed="0.000260"/>
</kw>
<kw name="Read Signal Output" owner="EVXiLLibrary">
<msg time="2026-08-27T16:40:10.390934" level="INFO">${mil_spd} = 35.0</msg>
<var>${mil_spd}</var>
<arg>Vehicle_Speed</arg>
<doc>Reads the current value of a logical signal.</doc>
<status status="PASS" start="2026-08-27T16:40:10.390711" elapsed="0.000262"/>
</kw>
<kw name="Disconnect Execution Profile" owner="EVXiLLibrary">
<msg time="2026-08-27T16:40:10.391316" level="INFO">Disconnected profile: MIL</msg>
<doc>Disconnects and stops the current execution profile.</doc>
<status status="PASS" start="2026-08-27T16:40:10.391113" elapsed="0.000278"/>
</kw>
<kw name="Connect Execution Profile" owner="EVXiLLibrary">
<msg time="2026-08-27T16:40:10.394177" level="INFO">Using Virtual C-Runtime simulation for SIL execution.</msg>
<msg time="2026-08-27T16:40:10.394313" level="INFO">Connected and started XiL execution profile: SIL</msg>
<arg>SIL</arg>
<doc>Connects to the specified XiL execution profile (MIL, SIL, HIL, or VIL).</doc>
<status status="PASS" start="2026-08-27T16:40:10.391519" elapsed="0.002882"/>
</kw>
[...]
</kw>
<kw name="Write Signal Input" owner="EVXiLLibrary">
<arg>Throttle_Input</arg>
<arg>80.0</arg>
<doc>Writes a value to a logical input signal.</doc>
<status status="PASS" start="2026-08-27T16:40:10.673768" elapsed="0.000347"/>
</kw>
<kw name="Write Signal Input" owner="EVXiLLibrary">
<arg>Brake_Interlock</arg>
<arg>0.0</arg>
<doc>Writes a value to a logical input signal.</doc>
<status status="PASS" start="2026-08-27T16:40:10.674331" elapsed="0.000255"/>
</kw>
<kw name="Step Simulation Time" owner="EVXiLLibrary">
<arg>10.0</arg>
<doc>Steps the simulation forward by specified milliseconds.</doc>
<status status="PASS" start="2026-08-27T16:40:10.674770" elapsed="0.000228"/>
</kw>
<kw name="Read Signal Output" owner="EVXiLLibrary">
<msg time="2026-08-27T16:40:10.675533" level="INFO">${torque} = 0.0</msg>
<var>${torque}</var>
<arg>Motor_Torque</arg>
<doc>Reads the current value of a logical signal.</doc>
<status status="PASS" start="2026-08-27T16:40:10.675190" elapsed="0.000400"/>
</kw>
<kw name="Verify Signal Within Tolerance" owner="EVXiLLibrary">
<arg>${torque}</arg>
<arg>0.0</arg>
<arg>0.1</arg>
<doc>Asserts that actual signal value matches expected value within tolerance.</doc>
<status status="PASS" start="2026-08-27T16:40:10.675778" elapsed="0.000311"/>
</kw>
<kw name="Disconnect Execution Profile" owner="EVXiLLibrary" type="TEARDOWN">
<msg time="2026-08-27T16:40:10.676649" level="INFO">Disconnected profile: SIL</msg>
<doc>Disconnects and stops the current execution profile.</doc>
<status status="PASS" start="2026-08-27T16:40:10.676408" elapsed="0.000345"/>
</kw>
<doc>Verifies C-code cuts torque to 0.0 Nm when HV interlock is tripped.</doc>
<status status="PASS" start="2026-08-27T16:40:10.668731" elapsed="0.008107"/>
</test>
<test id="s1-s9-t3" name="TC-SIL-003 Verify Production C-Code Zero Throttle Demand" line="26">
<kw name="Connect Execution Profile" owner="EVXiLLibrary" type="SETUP">
<msg time="2026-08-27T16:40:10.682178" level="INFO">Using Virtual C-Runtime simulation for SIL execution.</msg>
<msg time="2026-08-27T16:40:10.682379" level="INFO">Connected and started XiL execution profile: SIL</msg>
<arg>SIL</arg>
<doc>Connects to the specified XiL execution profile (MIL, SIL, HIL, or VIL).</doc>
<status status="PASS" start="2026-08-27T16:40:10.678323" elapsed="0.004178"/>
</kw>
<kw name="Write Signal Input" owner="EVXiLLibrary">
<arg>Brake_Interlock</arg>
<arg>1.0</arg>
<doc>Writes a value to a logical input signal.</doc>
<status status="PASS" start="2026-08-27T16:40:10.682758" elapsed="0.000282"/>
</kw>
<kw name="Write Signal Input" owner="EVXiLLibrary">
<arg>Throttle_Input</arg>
<arg>0.0</arg>
<doc>Writes a value to a logical input signal.</doc>
<status status="PASS" start="2026-08-27T16:40:10.683243" elapsed="0.000237"/>
</kw>
<kw name="Step Simulation Time" owner="EVXiLLibrary">
<arg>10.0</arg>
<doc>Steps the simulation forward by specified milliseconds.</doc>
<status status="PASS" start="2026-08-27T16:40:10.683703" elapsed="0.000216"/>
</kw>
<kw name="Read Signal Output" owner="EVXiLLibrary">
<msg time="2026-08-27T16:40:10.684434" level="INFO">${torque} = 0.0</msg>
<var>${torque}</var>
<arg>Motor_Torque</arg>
<doc>Reads the current value of a logical signal.</doc>
<status status="PASS" start="2026-08-27T16:40:10.684125" elapsed="0.000363"/>
</kw>
<kw name="Verify Signal Within Tolerance" owner="EVXiLLibrary">
<arg>${torque}</arg>
<arg>0.0</arg>
<arg>0.1</arg>
<doc>Asserts that actual signal value matches expected value within tolerance.</doc>
<status status="PASS" start="2026-08-27T16:40:10.684675" elapsed="0.000312"/>
</kw>
<kw name="Disconnect Execution Profile" owner="EVXiLLibrary" type="TEARDOWN">
<msg time="2026-08-27T16:40:10.685533" level="INFO">Disconnected profile: SIL</msg>
<doc>Disconnects and stops the current execution profile.</doc>
<status status="PASS" start="2026-08-27T16:40:10.685307" elapsed="0.000348"/>
</kw>
<doc>Verifies zero torque output when pedal input is at 0%.</doc>
<status status="PASS" start="2026-08-27T16:40:10.677551" elapsed="0.008190"/>
</test>
<doc>SIL (Software-in-the-Loop) Production C-Code Robot Framework Suite.</doc>
<status status="PASS" start="2026-08-27T16:40:10.652503" elapsed="0.034176"/>
</suite>
<suite id="s1-s10" name="Test Vil" source="C:\Chow\chowdi___\AI\ev-xil-framework\tests\robot\test_vil.robot">
<test id="s1-s10-t1" name="TC-VIL-001 Verify Real-Vehicle Acceptance Target Speed and Zero Diagnostics Faults" line="9">
<kw name="Connect Execution Profile" owner="EVXiLLibrary" type="SETUP">
<msg time="2026-08-27T16:40:10.699628" level="INFO">Initializing Vehicle-in-the-Loop (VIL) Real Vehicle Environment &amp; Telemetry Gateway.</msg>
<msg time="2026-08-27T16:40:10.699831" level="INFO">Connected and started XiL execution profile: VIL</msg>
<arg>VIL</arg>
<doc>Connects to the specified XiL execution profile (MIL, SIL, HIL, or VIL).</doc>
<status status="PASS" start="2026-08-27T16:40:10.694244" elapsed="0.005714"/>
</kw>
<kw name="Write Signal Input" owner="EVXiLLibrary">
<arg>Brake_Interlock</arg>
<arg>1.0</arg>
<doc>Writes a value to a logical input signal.</doc>
<status status="PASS" start="2026-08-27T16:40:10.700259" elapsed="0.000307"/>
</kw>
<kw name="Write Signal Input" owner="EVXiLLibrary">
<arg>Throttle_Input</arg>
<arg>90.0</arg>
<doc>Writes a value to a logical input signal.</doc>
<status status="PASS" start="2026-08-27T16:40:10.700788" elapsed="0.000250"/>
</kw>
<kw name="Step Simulation Time" owner="EVXiLLibrary">
<arg>200.0</arg>
<doc>Steps the simulation forward by specified milliseconds.</doc>
<status status="PASS" start="2026-08-27T16:40:10.701233" elapsed="0.000229"/>
</kw>
<kw name="Read Signal Output" owner="EVXiLLibrary">
<msg time="2026-08-27T16:40:10.701966" level="INFO">${speed} = 63.0</msg>
<var>${speed}</var>
<arg>Vehicle_Speed</arg>
<doc>Reads the current value of a logical signal.</doc>
<status status="PASS" start="2026-08-27T16:40:10.701650" elapsed="0.000373"/>
</kw>
<kw name="Read Signal Output" owner="EVXiLLibrary">
<msg time="2026-08-27T16:40:10.702513" level="INFO">${gnss_speed} = 63.0</msg>
<var>${gnss_speed}</var>
<arg>GNSS_Speed</arg>
<doc>Reads the current value of a logical signal.</doc>
<status status="PASS" start="2026-08-27T16:40:10.702212" elapsed="0.000359"/>
</kw>
<kw name="Read Signal Output" owner="EVXiLLibrary">
<msg time="2026-08-27T16:40:10.703077" level="INFO">${diag_flt} = 0.0</msg>
<var>${diag_flt}</var>
<arg>Diagnostic_Fault</arg>
<doc>Reads the current value of a logical signal.</doc>
<status status="PASS" start="2026-08-27T16:40:10.702791" elapsed="0.000343"/>
</kw>
<kw name="Read Signal Output" owner="EVXiLLibrary">
<msg time="2026-08-27T16:40:10.703597" level="INFO">${trq_flt} = 0.0</msg>
<var>${trq_flt}</var>
<arg>Torque_Fault</arg>
<doc>Reads the current value of a logical signal.</doc>
<status status="PASS" start="2026-08-27T16:40:10.703319" elapsed="0.000331"/>
</kw>
<kw name="Verify Signal Within Tolerance" owner="EVXiLLibrary">
<arg>${diag_flt}</arg>
<arg>0.0</arg>
<arg>0.1</arg>
<doc>Asserts that actual signal value matches expected value within tolerance.</doc>
<status status="PASS" start="2026-08-27T16:40:10.703836" elapsed="0.000832"/>
</kw>
<kw name="Verify Signal Within Tolerance" owner="EVXiLLibrary">
<arg>${trq_flt}</arg>
<arg>0.0</arg>
<arg>0.1</arg>
<doc>Asserts that actual signal value matches expected value within tolerance.</doc>
<status status="PASS" start="2026-08-27T16:40:10.705003" elapsed="0.000501"/>
</kw>
<kw name="Disconnect Execution Profile" owner="EVXiLLibrary" type="TEARDOWN">
<msg time="2026-08-27T16:40:10.706793" level="INFO">Disconnected profile: VIL</msg>
<doc>Disconnects and stops the current execution profile.</doc>
<status status="PASS" start="2026-08-27T16:40:10.706389" elapsed="0.000595"/>
</kw>
<doc>Verifies 90% throttle demand on roller dyno reaches &gt;= 50.0 km/h with zero diagnostic faults.</doc>
<status status="PASS" start="2026-08-27T16:40:10.693406" elapsed="0.013732"/>
</test>
<doc>VIL (Vehicle-in-the-Loop) Chassis Dyno &amp; Diagnostic Telemetry Robot Suite.</doc>
<status status="PASS" start="2026-08-27T16:40:10.687620" elapsed="0.020628"/>
</suite>
<suite id="s1-s11" name="Voltage" source="C:\Chow\chowdi___\AI\ev-xil-framework\tests\robot\voltage.robot">
<test id="s1-s11-t1" name="EV-BMS-011 Verify normal cell voltage" line="6">
<kw name="Connect Execution Profile" owner="EVXiLLibrary">
<msg time="2026-08-27T16:40:10.725204" level="INFO">Using Stateful Mock Engine for MIL execution.</msg>
<msg time="2026-08-27T16:40:10.725402" level="INFO">Connected and started XiL execution profile: MIL</msg>
<arg>MIL</arg>
<doc>Connects to the specified XiL execution profile (MIL, SIL, HIL, or VIL).</doc>
<status status="PASS" start="2026-08-27T16:40:10.718626" elapsed="0.006923"/>
</kw>
<kw name="Write Signal Input" owner="EVXiLLibrary">
<arg>SOC</arg>
<arg>50</arg>
<doc>Writes a value to a logical input signal.</doc>
<status status="PASS" start="2026-08-27T16:40:10.725832" elapsed="0.000326"/>
</kw>
<kw name="Step Simulation Time" owner="EVXiLLibrary">
<arg>10</arg>
<doc>Steps the simulation forward by specified milliseconds.</doc>
<status status="PASS" start="2026-08-27T16:40:10.726401" elapsed="0.000358"/>
</kw>
<kw name="Read Signal Output" owner="EVXiLLibrary">
<msg time="2026-08-27T16:40:10.727616" level="INFO">${volts} = 3.6</msg>
<var>${volts}</var>
<arg>Cell_Voltage</arg>
<doc>Reads the current value of a logical signal.</doc>
<status status="PASS" start="2026-08-27T16:40:10.727087" elapsed="0.000626"/>
</kw>
<kw name="Verify Signal Within Tolerance" owner="EVXiLLibrary">
<arg>${volts}</arg>
<arg>3.6</arg>
<arg>0.01</arg>
<doc>Asserts that actual signal value matches expected value within tolerance.</doc>
<status status="PASS" start="2026-08-27T16:40:10.728056" elapsed="0.000564"/>
</kw>
<kw name="Disconnect Execution Profile" owner="EVXiLLibrary">
<msg time="2026-08-27T16:40:10.729376" level="INFO">Disconnected profile: MIL</msg>
<doc>Disconnects and stops the current execution profile.</doc>
<status status="PASS" start="2026-08-27T16:40:10.728986" elapsed="0.000566"/>
</kw>
<doc>Ensures calculated cell voltage matches expected value at 50% SOC (nominal).</doc>
<status status="PASS" start="2026-08-27T16:40:10.716730" elapsed="0.013217"/>
</test>
<test id="s1-s11-t2" name="EV-BMS-012 Verify minimum cell voltage" line="15">
<kw name="Connect Execution Profile" owner="EVXiLLibrary">
<msg time="2026-08-27T16:40:10.736994" level="INFO">Using Stateful Mock Engine for MIL execution.</msg>
<msg time="2026-08-27T16:40:10.737191" level="INFO">Connected and started XiL execution profile: MIL</msg>
<arg>MIL</arg>
<doc>Connects to the specified XiL execution profile (MIL, SIL, HIL, or VIL).</doc>
<status status="PASS" start="2026-08-27T16:40:10.732267" elapsed="0.005080"/>
</kw>
<kw name="Write Signal Input" owner="EVXiLLibrary">
<arg>SOC</arg>
<arg>0</arg>
<doc>Writes a value to a logical input signal.</doc>
<status status="PASS" start="2026-08-27T16:40:10.737608" elapsed="0.000320"/>
</kw>
<kw name="Step Simulation Time" owner="EVXiLLibrary">
<arg>10</arg>
<doc>Steps the simulation forward by specified milliseconds.</doc>
<status status="PASS" start="2026-08-27T16:40:10.738149" elapsed="0.000236"/>
</kw>
<kw name="Read Signal Output" owner="EVXiLLibrary">
<msg time="2026-08-27T16:40:10.738948" level="INFO">${volts} = 3.0</msg>
<var>${volts}</var>
<arg>Cell_Voltage</arg>
<doc>Reads the current value of a logical signal.</doc>
<status status="PASS" start="2026-08-27T16:40:10.738606" elapsed="0.000406"/>
</kw>
<kw name="Verify Signal Within Tolerance" owner="EVXiLLibrary">
<arg>${volts}</arg>
<arg>3.0</arg>
<arg>0.01</arg>
<doc>Asserts that actual signal value matches expected value within tolerance.</doc>
<status status="PASS" start="2026-08-27T16:40:10.739215" elapsed="0.000367"/>
</kw>
<kw name="Disconnect Execution Profile" owner="EVXiLLibrary">
<msg time="2026-08-27T16:40:10.740025" level="INFO">Disconnected profile: MIL</msg>
<doc>Disconnects and stops the current execution profile.</doc>
<status status="PASS" start="2026-08-27T16:40:10.739791" elapsed="0.000342"/>
</kw>
<doc>Ensures cell voltage maps correctly at minimum safe capacity (0% SOC).</doc>
<status status="PASS" start="2026-08-27T16:40:10.731093" elapsed="0.009268"/>
</test>
<test id="s1-s11-t3" name="EV-BMS-013 Verify maximum cell voltage" line="24">
<kw name="Connect Execution Profile" owner="EVXiLLibrary">
<msg time="2026-08-27T16:40:10.745780" level="INFO">Using Stateful Mock Engine for MIL execution.</msg>
<msg time="2026-08-27T16:40:10.745973" level="INFO">Connected and started XiL execution profile: MIL</msg>
<arg>MIL</arg>
<doc>Connects to the specified XiL execution profile (MIL, SIL, HIL, or VIL).</doc>
<status status="PASS" start="2026-08-27T16:40:10.742190" elapsed="0.003921"/>
</kw>
<kw name="Write Signal Input" owner="EVXiLLibrary">
<arg>SOC</arg>
<arg>100</arg>
<doc>Writes a value to a logical input signal.</doc>
<status status="PASS" start="2026-08-27T16:40:10.746354" elapsed="0.000307"/>
</kw>
<kw name="Step Simulation Time" owner="EVXiLLibrary">
<arg>10</arg>
<doc>Steps the simulation forward by specified milliseconds.</doc>
<status status="PASS" start="2026-08-27T16:40:10.746879" elapsed="0.000225"/>
</kw>
<kw name="Read Signal Output" owner="EVXiLLibrary">
<msg time="2026-08-27T16:40:10.747619" level="INFO">${volts} = 4.2</msg>
<var>${volts}</var>
<arg>Cell_Voltage</arg>
<doc>Reads the current value of a logical signal.</doc>
<status status="PASS" start="2026-08-27T16:40:10.747302" elapsed="0.000387"/>
</kw>
<kw name="Verify Signal Within Tolerance" owner="EVXiLLibrary">
<arg>${volts}</arg>
<arg>4.2</arg>
<arg>0.01</arg>
<doc>Asserts that actual signal value matches expected value within tolerance.</doc>
<status status="PASS" start="2026-08-27T16:40:10.747895" elapsed="0.000333"/>
</kw>
<kw name="Disconnect Execution Profile" owner="EVXiLLibrary">
<msg time="2026-08-27T16:40:10.748684" level="INFO">Disconnected profile: MIL</msg>
<doc>Disconnects and stops the current execution profile.</doc>
<status status="PASS" start="2026-08-27T16:40:10.748448" elapsed="0.000344"/>
</kw>
<doc>Ensures cell voltage maps correctly at maximum capacity (100% SOC).</doc>
<status status="PASS" start="2026-08-27T16:40:10.741372" elapsed="0.007639"/>
</test>
<test id="s1-s11-t4" name="EV-BMS-014 Verify over-voltage detection" line="33">
<kw name="Connect Execution Profile" owner="EVXiLLibrary">
<msg time="2026-08-27T16:40:10.755895" level="INFO">Using Stateful Mock Engine for MIL execution.</msg>
<msg time="2026-08-27T16:40:10.756175" level="INFO">Connected and started XiL execution profile: MIL</msg>
<arg>MIL</arg>
<doc>Connects to the specified XiL execution profile (MIL, SIL, HIL, or VIL).</doc>
<status status="PASS" start="2026-08-27T16:40:10.750566" elapsed="0.005782"/>
</kw>
<kw name="Write Signal Input" owner="EVXiLLibrary">
<arg>SOC</arg>
<arg>105</arg>
<doc>Writes a value to a logical input signal.</doc>
<status status="PASS" start="2026-08-27T16:40:10.756716" elapsed="0.000399"/>
</kw>
<kw name="Step Simulation Time" owner="EVXiLLibrary">
<arg>10</arg>
<doc>Steps the simulation forward by specified milliseconds.</doc>
<status status="PASS" start="2026-08-27T16:40:10.757406" elapsed="0.000346"/>
</kw>
<kw name="Read Signal Output" owner="EVXiLLibrary">
<msg time="2026-08-27T16:40:10.758481" level="INFO">${status} = OVER_VOLTAGE</msg>
<var>${status}</var>
<arg>Pack_Voltage_Status</arg>
<doc>Reads the current value of a logical signal.</doc>
<status status="PASS" start="2026-08-27T16:40:10.758044" elapsed="0.000518"/>
</kw>
<kw name="Should Be Equal" owner="BuiltIn">
<arg>${status}</arg>
<arg>OVER_VOLTAGE</arg>
<doc>Fails if the given objects are unequal.</doc>
<status status="PASS" start="2026-08-27T16:40:10.759279" elapsed="0.001151"/>
</kw>
<kw name="Disconnect Execution Profile" owner="EVXiLLibrary">
<msg time="2026-08-27T16:40:10.761159" level="INFO">Disconnected profile: MIL</msg>
<doc>Disconnects and stops the current execution profile.</doc>
<status status="PASS" start="2026-08-27T16:40:10.760772" elapsed="0.000554"/>
</kw>
<doc>Verifies pack triggers warning status when cell voltage exceeds safe limit.</doc>
<status status="PASS" start="2026-08-27T16:40:10.749698" elapsed="0.011900"/>
</test>
<test id="s1-s11-t5" name="EV-BMS-015 Verify under-voltage detection" line="42">
<kw name="Connect Execution Profile" owner="EVXiLLibrary">
<msg time="2026-08-27T16:40:10.767899" level="INFO">Using Stateful Mock Engine for MIL execution.</msg>
<msg time="2026-08-27T16:40:10.768107" level="INFO">Connected and started XiL execution profile: MIL</msg>
<arg>MIL</arg>
<doc>Connects to the specified XiL execution profile (MIL, SIL, HIL, or VIL).</doc>
<status status="PASS" start="2026-08-27T16:40:10.764147" elapsed="0.004095"/>
</kw>
<kw name="Write Signal Input" owner="EVXiLLibrary">
<arg>SOC</arg>
<arg>-15</arg>
<doc>Writes a value to a logical input signal.</doc>
<status status="PASS" start="2026-08-27T16:40:10.768535" elapsed="0.000290"/>
</kw>
<kw name="Step Simulation Time" owner="EVXiLLibrary">
<arg>10</arg>
<doc>Steps the simulation forward by specified milliseconds.</doc>
<status status="PASS" start="2026-08-27T16:40:10.769038" elapsed="0.000227"/>
</kw>
<kw name="Read Signal Output" owner="EVXiLLibrary">
<msg time="2026-08-27T16:40:10.769812" level="INFO">${status} = UNDER_VOLTAGE</msg>
<var>${status}</var>
<arg>Pack_Voltage_Status</arg>
<doc>Reads the current value of a logical signal.</doc>
<status status="PASS" start="2026-08-27T16:40:10.769465" elapsed="0.000409"/>
</kw>
<kw name="Should Be Equal" owner="BuiltIn">
<arg>${status}</arg>
<arg>UNDER_VOLTAGE</arg>
<doc>Fails if the given objects are unequal.</doc>
<status status="PASS" start="2026-08-27T16:40:10.770106" elapsed="0.000734"/>
</kw>
<kw name="Disconnect Execution Profile" owner="EVXiLLibrary">
<msg time="2026-08-27T16:40:10.771295" level="INFO">Disconnected profile: MIL</msg>
<doc>Disconnects and stops the current execution profile.</doc>
<status status="PASS" start="2026-08-27T16:40:10.771058" elapsed="0.000344"/>
</kw>
<doc>Verifies pack triggers warning status when cell voltage drops below safe limit.</doc>
<status status="PASS" start="2026-08-27T16:40:10.762728" elapsed="0.008897"/>
</test>
<doc>BMS Cell and Pack Voltage validation tests.</doc>
<status status="PASS" start="2026-08-27T16:40:10.710289" elapsed="0.062515"/>
</suite>
<status status="FAIL" start="2026-08-27T16:40:09.601613" elapsed="1.173052"/>
</suite>
<statistics>
<total>
<stat pass="42" fail="3" skip="0">All Tests</stat>
</total>
<tag>
</tag>
<suite>
<stat name="EV_XiL_Robot_Master_Suite" id="s1" pass="42" fail="3" skip="0">EV_XiL_Robot_Master_Suite</stat>
<stat name="Soc" id="s1-s1" pass="9" fail="0" skip="0">EV_XiL_Robot_Master_Suite.Soc</stat>
<stat name="Soc New" id="s1-s2" pass="1" fail="3" skip="0">EV_XiL_Robot_Master_Suite.Soc New</stat>
<stat name="Temperature" id="s1-s3" pass="5" fail="0" skip="0">EV_XiL_Robot_Master_Suite.Temperature</stat>
<stat name="Temperature New" id="s1-s4" pass="5" fail="0" skip="0">EV_XiL_Robot_Master_Suite.Temperature New</stat>
<stat name="Test Equivalence" id="s1-s5" pass="2" fail="0" skip="0">EV_XiL_Robot_Master_Suite.Test Equivalence</stat>
<stat name="Test Hil" id="s1-s6" pass="3" fail="0" skip="0">EV_XiL_Robot_Master_Suite.Test Hil</stat>
<stat name="Test Mil" id="s1-s7" pass="3" fail="0" skip="0">EV_XiL_Robot_Master_Suite.Test Mil</stat>
<stat name="Test Restbus" id="s1-s8" pass="5" fail="0" skip="0">EV_XiL_Robot_Master_Suite.Test Restbus</stat>
<stat name="Test Sil" id="s1-s9" pass="3" fail="0" skip="0">EV_XiL_Robot_Master_Suite.Test Sil</stat>
<stat name="Test Vil" id="s1-s10" pass="1" fail="0" skip="0">EV_XiL_Robot_Master_Suite.Test Vil</stat>
<stat name="Voltage" id="s1-s11" pass="5" fail="0" skip="0">EV_XiL_Robot_Master_Suite.Voltage</stat>
</suite>
</statistics>
<errors>
</errors>
</robot>
